2020-10-23 09:56:22,693, INFO, 5011, benteng_2, weibo, period, pull 5 data
2020-10-23 09:56:22,693, INFO, 5011, benteng_2, weibo, period, start insert
2020-10-23 09:56:22,797, INFO, 5011, benteng_2, weibo, period, {'id': '3c4bba93033df0751be79155ae_71169', 'session': 'a25cd0e9305df37b898fbe89833997e1', 'proj': 'benteng_2', 'app': 'weibo', 'task': 'original_image_text', 'begin_time': '2020-10-22 10:03:56', 'end_time': '2020-10-25 19:21:11', 'data': '{"task": "original_image_text", "link": "", "staff_nick_name": "怀特先生2019", "staff_account": "怀特先生2019", "staff_title": "", "staff_link": "https://m.weibo.cn/2013395053/4562869217662645", "staff_topic": "奔腾T77PRO", "interval": 1, "begin_time": "2020-10-22 10:03:56", "end_time": "2020-10-25 19:21:11", "unique_id": "3c4bba93033df0751be79155ae_71169", "topic": "#奔腾T77PRO", "author_nick_name": "", "source_title": "", "author_account": ""}'}
2020-10-23 09:56:22,829, INFO, 5011, benteng_2, weibo, period, {'id': '3c4bba93033df0751be79155ae_71246', 'session': 'a25cd0e9305df37b898fbe89833997e1', 'proj': 'benteng_2', 'app': 'weibo', 'task': 'original_image_text', 'begin_time': '2020-10-22 10:03:56', 'end_time': '2020-10-25 18:53:22', 'data': '{"task": "original_image_text", "link": "", "staff_nick_name": "小野人刘国梁", "staff_account": "小野人刘国梁", "staff_title": "", "staff_link": "https://m.weibo.cn/6400727889/4562769967843488", "staff_topic": "奔腾T77PRO", "interval": 1, "begin_time": "2020-10-22 10:03:56", "end_time": "2020-10-25 18:53:22", "unique_id": "3c4bba93033df0751be79155ae_71246", "topic": "#奔腾T77PRO", "author_nick_name": "", "source_title": "", "author_account": ""}'}
2020-10-23 09:56:22,858, INFO, 5011, benteng_2, weibo, period, {'id': '3c4bba93033df0751be79155ae_71252', 'session': 'a25cd0e9305df37b898fbe89833997e1', 'proj': 'benteng_2', 'app': 'weibo', 'task': 'original_image_text', 'begin_time': '2020-10-22 10:03:56', 'end_time': '2020-10-25 19:09:03', 'data': '{"task": "original_image_text", "link": "", "staff_nick_name": "杨桃51020", "staff_account": "杨桃51020", "staff_title": "", "staff_link": "https://m.weibo.cn/5495903845/4562899739871187", "staff_topic": "奔腾T77PRO", "interval": 1, "begin_time": "2020-10-22 10:03:56", "end_time": "2020-10-25 19:09:03", "unique_id": "3c4bba93033df0751be79155ae_71252", "topic": "#奔腾T77PRO", "author_nick_name": "", "source_title": "", "author_account": ""}'}
2020-10-23 09:56:22,870, ERROR, 5011, benteng_2, weibo, period, [pull_task.py 82 IntegrityError(1062. "Duplicate entry '3c4bba93033df0751be79155ae_71286' for key 'PRIMARY'")]
2020-10-23 09:56:22,890, INFO, 5011, benteng_2, weibo, period, {'id': '3c4bba93033df0751be79155ae_71349', 'session': 'a25cd0e9305df37b898fbe89833997e1', 'proj': 'benteng_2', 'app': 'weibo', 'task': 'original_image_text', 'begin_time': '2020-10-22 10:03:56', 'end_time': '2020-10-25 19:20:15', 'data': '{"task": "original_image_text", "link": "", "staff_nick_name": "凉皮米线牛肉汤", "staff_account": "凉皮米线牛肉汤", "staff_title": "", "staff_link": "https://m.weibo.cn/6052092058/4562862317510338", "staff_topic": "奔腾T77PRO", "interval": 1, "begin_time": "2020-10-22 10:03:56", "end_time": "2020-10-25 19:20:15", "unique_id": "3c4bba93033df0751be79155ae_71349", "topic": "#奔腾T77PRO", "author_nick_name": "", "source_title": "", "author_account": ""}'}
2020-10-23 09:56:22,891, INFO, 5011, benteng_2, weibo, period, finish insert :4 data 
2020-10-28 18:51:22,337, INFO, 1293, benteng_2, weibo, period, pull 221 data
2020-10-28 18:51:22,338, INFO, 1293, benteng_2, weibo, period, start insert
2020-10-28 18:51:22,388, ERROR, 1293, benteng_2, weibo, period, [pull_task.py 82 IntegrityError(1062. "Duplicate entry '3c4bba93033df0751be79155ae_71016' for key 'PRIMARY'")]
2020-10-28 18:51:22,398, ERROR, 1293, benteng_2, weibo, period, [pull_task.py 82 IntegrityError(1062. "Duplicate entry '3c4bba93033df0751be79155ae_71022' for key 'PRIMARY'")]
2020-10-28 18:51:22,408, ERROR, 1293, benteng_2, weibo, period, [pull_task.py 82 IntegrityError(1062. "Duplicate entry '3c4bba93033df0751be79155ae_71025' for key 'PRIMARY'")]
2020-10-28 18:51:22,418, ERROR, 1293, benteng_2, weibo, period, [pull_task.py 82 IntegrityError(1062. "Duplicate entry '3c4bba93033df0751be79155ae_71026' for key 'PRIMARY'")]
2020-10-28 18:51:22,428, ERROR, 1293, benteng_2, weibo, period, [pull_task.py 82 IntegrityError(1062. "Duplicate entry '3c4bba93033df0751be79155ae_71027' for key 'PRIMARY'")]
2020-10-28 18:51:22,438, ERROR, 1293, benteng_2, weibo, period, [pull_task.py 82 IntegrityError(1062. "Duplicate entry '3c4bba93033df0751be79155ae_71028' for key 'PRIMARY'")]
2020-10-28 18:51:22,447, ERROR, 1293, benteng_2, weibo, period, [pull_task.py 82 IntegrityError(1062. "Duplicate entry '3c4bba93033df0751be79155ae_71042' for key 'PRIMARY'")]
2020-10-28 18:51:22,456, ERROR, 1293, benteng_2, weibo, period, [pull_task.py 82 IntegrityError(1062. "Duplicate entry '3c4bba93033df0751be79155ae_71049' for key 'PRIMARY'")]
2020-10-28 18:51:22,465, ERROR, 1293, benteng_2, weibo, period, [pull_task.py 82 IntegrityError(1062. "Duplicate entry '3c4bba93033df0751be79155ae_71050' for key 'PRIMARY'")]
2020-10-28 18:51:22,475, ERROR, 1293, benteng_2, weibo, period, [pull_task.py 82 IntegrityError(1062. "Duplicate entry '3c4bba93033df0751be79155ae_71056' for key 'PRIMARY'")]
2020-10-28 18:51:22,486, ERROR, 1293, benteng_2, weibo, period, [pull_task.py 82 IntegrityError(1062. "Duplicate entry '3c4bba93033df0751be79155ae_71064' for key 'PRIMARY'")]
2020-10-28 18:51:22,496, ERROR, 1293, benteng_2, weibo, period, [pull_task.py 82 IntegrityError(1062. "Duplicate entry '3c4bba93033df0751be79155ae_71073' for key 'PRIMARY'")]
2020-10-28 18:51:22,506, ERROR, 1293, benteng_2, weibo, period, [pull_task.py 82 IntegrityError(1062. "Duplicate entry '3c4bba93033df0751be79155ae_71085' for key 'PRIMARY'")]
2020-10-28 18:51:22,515, ERROR, 1293, benteng_2, weibo, period, [pull_task.py 82 IntegrityError(1062. "Duplicate entry '3c4bba93033df0751be79155ae_71087' for key 'PRIMARY'")]
2020-10-28 18:51:22,524, ERROR, 1293, benteng_2, weibo, period, [pull_task.py 82 IntegrityError(1062. "Duplicate entry '3c4bba93033df0751be79155ae_71123' for key 'PRIMARY'")]
2020-10-28 18:51:22,533, ERROR, 1293, benteng_2, weibo, period, [pull_task.py 82 IntegrityError(1062. "Duplicate entry '3c4bba93033df0751be79155ae_71143' for key 'PRIMARY'")]
2020-10-28 18:51:22,541, ERROR, 1293, benteng_2, weibo, period, [pull_task.py 82 IntegrityError(1062. "Duplicate entry '3c4bba93033df0751be79155ae_71145' for key 'PRIMARY'")]
2020-10-28 18:51:22,550, ERROR, 1293, benteng_2, weibo, period, [pull_task.py 82 IntegrityError(1062. "Duplicate entry '3c4bba93033df0751be79155ae_71148' for key 'PRIMARY'")]
2020-10-28 18:51:22,558, ERROR, 1293, benteng_2, weibo, period, [pull_task.py 82 IntegrityError(1062. "Duplicate entry '3c4bba93033df0751be79155ae_71149' for key 'PRIMARY'")]
2020-10-28 18:51:22,566, ERROR, 1293, benteng_2, weibo, period, [pull_task.py 82 IntegrityError(1062. "Duplicate entry '3c4bba93033df0751be79155ae_71167' for key 'PRIMARY'")]
2020-10-28 18:51:22,575, ERROR, 1293, benteng_2, weibo, period, [pull_task.py 82 IntegrityError(1062. "Duplicate entry '3c4bba93033df0751be79155ae_71170' for key 'PRIMARY'")]
2020-10-28 18:51:22,584, ERROR, 1293, benteng_2, weibo, period, [pull_task.py 82 IntegrityError(1062. "Duplicate entry '3c4bba93033df0751be79155ae_71181' for key 'PRIMARY'")]
2020-10-28 18:51:22,593, ERROR, 1293, benteng_2, weibo, period, [pull_task.py 82 IntegrityError(1062. "Duplicate entry '3c4bba93033df0751be79155ae_71195' for key 'PRIMARY'")]
2020-10-28 18:51:22,602, ERROR, 1293, benteng_2, weibo, period, [pull_task.py 82 IntegrityError(1062. "Duplicate entry '3c4bba93033df0751be79155ae_71196' for key 'PRIMARY'")]
2020-10-28 18:51:22,610, ERROR, 1293, benteng_2, weibo, period, [pull_task.py 82 IntegrityError(1062. "Duplicate entry '3c4bba93033df0751be79155ae_71200' for key 'PRIMARY'")]
2020-10-28 18:51:22,619, ERROR, 1293, benteng_2, weibo, period, [pull_task.py 82 IntegrityError(1062. "Duplicate entry '3c4bba93033df0751be79155ae_71207' for key 'PRIMARY'")]
2020-10-28 18:51:22,628, ERROR, 1293, benteng_2, weibo, period, [pull_task.py 82 IntegrityError(1062. "Duplicate entry '3c4bba93033df0751be79155ae_71217' for key 'PRIMARY'")]
2020-10-28 18:51:22,638, ERROR, 1293, benteng_2, weibo, period, [pull_task.py 82 IntegrityError(1062. "Duplicate entry '3c4bba93033df0751be79155ae_71218' for key 'PRIMARY'")]
2020-10-28 18:51:22,647, ERROR, 1293, benteng_2, weibo, period, [pull_task.py 82 IntegrityError(1062. "Duplicate entry '3c4bba93033df0751be79155ae_71221' for key 'PRIMARY'")]
2020-10-28 18:51:22,655, ERROR, 1293, benteng_2, weibo, period, [pull_task.py 82 IntegrityError(1062. "Duplicate entry '3c4bba93033df0751be79155ae_71231' for key 'PRIMARY'")]
2020-10-28 18:51:22,663, ERROR, 1293, benteng_2, weibo, period, [pull_task.py 82 IntegrityError(1062. "Duplicate entry '3c4bba93033df0751be79155ae_71232' for key 'PRIMARY'")]
2020-10-28 18:51:22,671, ERROR, 1293, benteng_2, weibo, period, [pull_task.py 82 IntegrityError(1062. "Duplicate entry '3c4bba93033df0751be79155ae_71236' for key 'PRIMARY'")]
2020-10-28 18:51:22,679, ERROR, 1293, benteng_2, weibo, period, [pull_task.py 82 IntegrityError(1062. "Duplicate entry '3c4bba93033df0751be79155ae_71254' for key 'PRIMARY'")]
2020-10-28 18:51:22,688, ERROR, 1293, benteng_2, weibo, period, [pull_task.py 82 IntegrityError(1062. "Duplicate entry '3c4bba93033df0751be79155ae_71255' for key 'PRIMARY'")]
2020-10-28 18:51:22,697, ERROR, 1293, benteng_2, weibo, period, [pull_task.py 82 IntegrityError(1062. "Duplicate entry '3c4bba93033df0751be79155ae_71256' for key 'PRIMARY'")]
2020-10-28 18:51:22,705, ERROR, 1293, benteng_2, weibo, period, [pull_task.py 82 IntegrityError(1062. "Duplicate entry '3c4bba93033df0751be79155ae_71271' for key 'PRIMARY'")]
2020-10-28 18:51:22,714, ERROR, 1293, benteng_2, weibo, period, [pull_task.py 82 IntegrityError(1062. "Duplicate entry '3c4bba93033df0751be79155ae_71272' for key 'PRIMARY'")]
2020-10-28 18:51:22,723, ERROR, 1293, benteng_2, weibo, period, [pull_task.py 82 IntegrityError(1062. "Duplicate entry '3c4bba93033df0751be79155ae_71281' for key 'PRIMARY'")]
2020-10-28 18:51:22,735, ERROR, 1293, benteng_2, weibo, period, [pull_task.py 82 IntegrityError(1062. "Duplicate entry '3c4bba93033df0751be79155ae_71284' for key 'PRIMARY'")]
2020-10-28 18:51:22,744, ERROR, 1293, benteng_2, weibo, period, [pull_task.py 82 IntegrityError(1062. "Duplicate entry '3c4bba93033df0751be79155ae_71288' for key 'PRIMARY'")]
2020-10-28 18:51:22,754, ERROR, 1293, benteng_2, weibo, period, [pull_task.py 82 IntegrityError(1062. "Duplicate entry '3c4bba93033df0751be79155ae_71289' for key 'PRIMARY'")]
2020-10-28 18:51:22,762, ERROR, 1293, benteng_2, weibo, period, [pull_task.py 82 IntegrityError(1062. "Duplicate entry '3c4bba93033df0751be79155ae_71297' for key 'PRIMARY'")]
2020-10-28 18:51:22,771, ERROR, 1293, benteng_2, weibo, period, [pull_task.py 82 IntegrityError(1062. "Duplicate entry '3c4bba93033df0751be79155ae_71306' for key 'PRIMARY'")]
2020-10-28 18:51:22,780, ERROR, 1293, benteng_2, weibo, period, [pull_task.py 82 IntegrityError(1062. "Duplicate entry '3c4bba93033df0751be79155ae_71311' for key 'PRIMARY'")]
2020-10-28 18:51:22,788, ERROR, 1293, benteng_2, weibo, period, [pull_task.py 82 IntegrityError(1062. "Duplicate entry '3c4bba93033df0751be79155ae_71313' for key 'PRIMARY'")]
2020-10-28 18:51:22,797, ERROR, 1293, benteng_2, weibo, period, [pull_task.py 82 IntegrityError(1062. "Duplicate entry '3c4bba93033df0751be79155ae_71328' for key 'PRIMARY'")]
2020-10-28 18:51:22,806, ERROR, 1293, benteng_2, weibo, period, [pull_task.py 82 IntegrityError(1062. "Duplicate entry '3c4bba93033df0751be79155ae_71329' for key 'PRIMARY'")]
2020-10-28 18:51:22,815, ERROR, 1293, benteng_2, weibo, period, [pull_task.py 82 IntegrityError(1062. "Duplicate entry '3c4bba93033df0751be79155ae_71331' for key 'PRIMARY'")]
2020-10-28 18:51:22,824, ERROR, 1293, benteng_2, weibo, period, [pull_task.py 82 IntegrityError(1062. "Duplicate entry '3c4bba93033df0751be79155ae_71332' for key 'PRIMARY'")]
2020-10-28 18:51:22,834, ERROR, 1293, benteng_2, weibo, period, [pull_task.py 82 IntegrityError(1062. "Duplicate entry '3c4bba93033df0751be79155ae_71333' for key 'PRIMARY'")]
2020-10-28 18:51:22,843, ERROR, 1293, benteng_2, weibo, period, [pull_task.py 82 IntegrityError(1062. "Duplicate entry '3c4bba93033df0751be79155ae_71334' for key 'PRIMARY'")]
2020-10-28 18:51:22,852, ERROR, 1293, benteng_2, weibo, period, [pull_task.py 82 IntegrityError(1062. "Duplicate entry '3c4bba93033df0751be79155ae_71335' for key 'PRIMARY'")]
2020-10-28 18:51:22,861, ERROR, 1293, benteng_2, weibo, period, [pull_task.py 82 IntegrityError(1062. "Duplicate entry '3c4bba93033df0751be79155ae_71338' for key 'PRIMARY'")]
2020-10-28 18:51:22,869, ERROR, 1293, benteng_2, weibo, period, [pull_task.py 82 IntegrityError(1062. "Duplicate entry '3c4bba93033df0751be79155ae_71339' for key 'PRIMARY'")]
2020-10-28 18:51:22,878, ERROR, 1293, benteng_2, weibo, period, [pull_task.py 82 IntegrityError(1062. "Duplicate entry '3c4bba93033df0751be79155ae_71341' for key 'PRIMARY'")]
2020-10-28 18:51:22,887, ERROR, 1293, benteng_2, weibo, period, [pull_task.py 82 IntegrityError(1062. "Duplicate entry '3c4bba93033df0751be79155ae_71342' for key 'PRIMARY'")]
2020-10-28 18:51:22,895, ERROR, 1293, benteng_2, weibo, period, [pull_task.py 82 IntegrityError(1062. "Duplicate entry '3c4bba93033df0751be79155ae_71354' for key 'PRIMARY'")]
2020-10-28 18:51:22,904, ERROR, 1293, benteng_2, weibo, period, [pull_task.py 82 IntegrityError(1062. "Duplicate entry '3c4bba93033df0751be79155ae_71374' for key 'PRIMARY'")]
2020-10-28 18:51:22,913, ERROR, 1293, benteng_2, weibo, period, [pull_task.py 82 IntegrityError(1062. "Duplicate entry '3c4bba93033df0751be79155ae_71381' for key 'PRIMARY'")]
2020-10-28 18:51:22,922, ERROR, 1293, benteng_2, weibo, period, [pull_task.py 82 IntegrityError(1062. "Duplicate entry '3c4bba93033df0751be79155ae_71382' for key 'PRIMARY'")]
2020-10-28 18:51:22,931, ERROR, 1293, benteng_2, weibo, period, [pull_task.py 82 IntegrityError(1062. "Duplicate entry '3c4bba93033df0751be79155ae_71392' for key 'PRIMARY'")]
2020-10-28 18:51:22,939, ERROR, 1293, benteng_2, weibo, period, [pull_task.py 82 IntegrityError(1062. "Duplicate entry '3c4bba93033df0751be79155ae_71403' for key 'PRIMARY'")]
2020-10-28 18:51:22,948, ERROR, 1293, benteng_2, weibo, period, [pull_task.py 82 IntegrityError(1062. "Duplicate entry '3c4bba93033df0751be79155ae_71405' for key 'PRIMARY'")]
2020-10-28 18:51:22,956, ERROR, 1293, benteng_2, weibo, period, [pull_task.py 82 IntegrityError(1062. "Duplicate entry '3c4bba93033df0751be79155ae_71406' for key 'PRIMARY'")]
2020-10-28 18:51:22,965, ERROR, 1293, benteng_2, weibo, period, [pull_task.py 82 IntegrityError(1062. "Duplicate entry '3c4bba93033df0751be79155ae_71408' for key 'PRIMARY'")]
2020-10-28 18:51:22,974, ERROR, 1293, benteng_2, weibo, period, [pull_task.py 82 IntegrityError(1062. "Duplicate entry '3c4bba93033df0751be79155ae_71412' for key 'PRIMARY'")]
2020-10-28 18:51:22,983, ERROR, 1293, benteng_2, weibo, period, [pull_task.py 82 IntegrityError(1062. "Duplicate entry '3c4bba93033df0751be79155ae_71424' for key 'PRIMARY'")]
2020-10-28 18:51:22,992, ERROR, 1293, benteng_2, weibo, period, [pull_task.py 82 IntegrityError(1062. "Duplicate entry '3c4bba93033df0751be79155ae_71429' for key 'PRIMARY'")]
2020-10-28 18:51:23,000, ERROR, 1293, benteng_2, weibo, period, [pull_task.py 82 IntegrityError(1062. "Duplicate entry '3c4bba93033df0751be79155ae_71433' for key 'PRIMARY'")]
2020-10-28 18:51:23,009, ERROR, 1293, benteng_2, weibo, period, [pull_task.py 82 IntegrityError(1062. "Duplicate entry '3c4bba93033df0751be79155ae_71435' for key 'PRIMARY'")]
2020-10-28 18:51:23,018, ERROR, 1293, benteng_2, weibo, period, [pull_task.py 82 IntegrityError(1062. "Duplicate entry '3c4bba93033df0751be79155ae_71442' for key 'PRIMARY'")]
2020-10-28 18:51:23,027, ERROR, 1293, benteng_2, weibo, period, [pull_task.py 82 IntegrityError(1062. "Duplicate entry '3c4bba93033df0751be79155ae_71449' for key 'PRIMARY'")]
2020-10-28 18:51:23,035, ERROR, 1293, benteng_2, weibo, period, [pull_task.py 82 IntegrityError(1062. "Duplicate entry '3c4bba93033df0751be79155ae_71455' for key 'PRIMARY'")]
2020-10-28 18:51:23,044, ERROR, 1293, benteng_2, weibo, period, [pull_task.py 82 IntegrityError(1062. "Duplicate entry '3c4bba93033df0751be79155ae_71469' for key 'PRIMARY'")]
2020-10-28 18:51:23,052, ERROR, 1293, benteng_2, weibo, period, [pull_task.py 82 IntegrityError(1062. "Duplicate entry '3c4bba93033df0751be79155ae_71506' for key 'PRIMARY'")]
2020-10-28 18:51:23,060, ERROR, 1293, benteng_2, weibo, period, [pull_task.py 82 IntegrityError(1062. "Duplicate entry '3c4bba93033df0751be79155ae_71507' for key 'PRIMARY'")]
2020-10-28 18:51:23,069, ERROR, 1293, benteng_2, weibo, period, [pull_task.py 82 IntegrityError(1062. "Duplicate entry '3c4bba93033df0751be79155ae_71523' for key 'PRIMARY'")]
2020-10-28 18:51:23,078, ERROR, 1293, benteng_2, weibo, period, [pull_task.py 82 IntegrityError(1062. "Duplicate entry '3c4bba93033df0751be79155ae_71526' for key 'PRIMARY'")]
2020-10-28 18:51:23,086, ERROR, 1293, benteng_2, weibo, period, [pull_task.py 82 IntegrityError(1062. "Duplicate entry '3c4bba93033df0751be79155ae_71527' for key 'PRIMARY'")]
2020-10-28 18:51:23,095, ERROR, 1293, benteng_2, weibo, period, [pull_task.py 82 IntegrityError(1062. "Duplicate entry '3c4bba93033df0751be79155ae_71537' for key 'PRIMARY'")]
2020-10-28 18:51:23,103, ERROR, 1293, benteng_2, weibo, period, [pull_task.py 82 IntegrityError(1062. "Duplicate entry '3c4bba93033df0751be79155ae_71538' for key 'PRIMARY'")]
2020-10-28 18:51:23,112, ERROR, 1293, benteng_2, weibo, period, [pull_task.py 82 IntegrityError(1062. "Duplicate entry '3c4bba93033df0751be79155ae_71549' for key 'PRIMARY'")]
2020-10-28 18:51:23,121, ERROR, 1293, benteng_2, weibo, period, [pull_task.py 82 IntegrityError(1062. "Duplicate entry '3c4bba93033df0751be79155ae_71574' for key 'PRIMARY'")]
2020-10-28 18:51:23,129, ERROR, 1293, benteng_2, weibo, period, [pull_task.py 82 IntegrityError(1062. "Duplicate entry '3c4bba93033df0751be79155a_111402' for key 'PRIMARY'")]
2020-10-28 18:51:23,138, ERROR, 1293, benteng_2, weibo, period, [pull_task.py 82 IntegrityError(1062. "Duplicate entry '3c4bba93033df0751be79155a_111492' for key 'PRIMARY'")]
2020-10-28 18:51:23,146, ERROR, 1293, benteng_2, weibo, period, [pull_task.py 82 IntegrityError(1062. "Duplicate entry '3c4bba93033df0751be79155a_111822' for key 'PRIMARY'")]
2020-10-28 18:51:23,155, ERROR, 1293, benteng_2, weibo, period, [pull_task.py 82 IntegrityError(1062. "Duplicate entry '3c4bba93033df0751be79155a_112086' for key 'PRIMARY'")]
2020-10-28 18:51:23,164, ERROR, 1293, benteng_2, weibo, period, [pull_task.py 82 IntegrityError(1062. "Duplicate entry '3c4bba93033df0751be79155a_112107' for key 'PRIMARY'")]
2020-10-28 18:51:23,173, ERROR, 1293, benteng_2, weibo, period, [pull_task.py 82 IntegrityError(1062. "Duplicate entry '3c4bba93033df0751be79155a_112352' for key 'PRIMARY'")]
2020-10-28 18:51:23,182, ERROR, 1293, benteng_2, weibo, period, [pull_task.py 82 IntegrityError(1062. "Duplicate entry '3c4bba93033df0751be79155a_112353' for key 'PRIMARY'")]
2020-10-28 18:51:23,190, ERROR, 1293, benteng_2, weibo, period, [pull_task.py 82 IntegrityError(1062. "Duplicate entry '3c4bba93033df0751be79155a_112621' for key 'PRIMARY'")]
2020-10-28 18:51:23,200, ERROR, 1293, benteng_2, weibo, period, [pull_task.py 82 IntegrityError(1062. "Duplicate entry '3c4bba93033df0751be79155a_112686' for key 'PRIMARY'")]
2020-10-28 18:51:23,209, ERROR, 1293, benteng_2, weibo, period, [pull_task.py 82 IntegrityError(1062. "Duplicate entry '3c4bba93033df0751be79155a_112874' for key 'PRIMARY'")]
2020-10-28 18:51:23,218, ERROR, 1293, benteng_2, weibo, period, [pull_task.py 82 IntegrityError(1062. "Duplicate entry '3c4bba93033df0751be79155a_112918' for key 'PRIMARY'")]
2020-10-28 18:51:23,226, ERROR, 1293, benteng_2, weibo, period, [pull_task.py 82 IntegrityError(1062. "Duplicate entry '3c4bba93033df0751be79155a_114688' for key 'PRIMARY'")]
2020-10-28 18:51:23,235, ERROR, 1293, benteng_2, weibo, period, [pull_task.py 82 IntegrityError(1062. "Duplicate entry '3c4bba93033df0751be79155a_115132' for key 'PRIMARY'")]
2020-10-28 18:51:23,244, ERROR, 1293, benteng_2, weibo, period, [pull_task.py 82 IntegrityError(1062. "Duplicate entry '3c4bba93033df0751be79155a_115192' for key 'PRIMARY'")]
2020-10-28 18:51:23,253, ERROR, 1293, benteng_2, weibo, period, [pull_task.py 82 IntegrityError(1062. "Duplicate entry '3c4bba93033df0751be79155a_115272' for key 'PRIMARY'")]
2020-10-28 18:51:23,262, ERROR, 1293, benteng_2, weibo, period, [pull_task.py 82 IntegrityError(1062. "Duplicate entry '3c4bba93033df0751be79155a_115273' for key 'PRIMARY'")]
2020-10-28 18:51:23,271, ERROR, 1293, benteng_2, weibo, period, [pull_task.py 82 IntegrityError(1062. "Duplicate entry '3c4bba93033df0751be79155a_115313' for key 'PRIMARY'")]
2020-10-28 18:51:23,282, ERROR, 1293, benteng_2, weibo, period, [pull_task.py 82 IntegrityError(1062. "Duplicate entry '3c4bba93033df0751be79155a_115328' for key 'PRIMARY'")]
2020-10-28 18:51:23,291, ERROR, 1293, benteng_2, weibo, period, [pull_task.py 82 IntegrityError(1062. "Duplicate entry '3c4bba93033df0751be79155a_115459' for key 'PRIMARY'")]
2020-10-28 18:51:23,300, ERROR, 1293, benteng_2, weibo, period, [pull_task.py 82 IntegrityError(1062. "Duplicate entry '3c4bba93033df0751be79155a_115573' for key 'PRIMARY'")]
2020-10-28 18:51:23,309, ERROR, 1293, benteng_2, weibo, period, [pull_task.py 82 IntegrityError(1062. "Duplicate entry '3c4bba93033df0751be79155a_115584' for key 'PRIMARY'")]
2020-10-28 18:51:23,318, ERROR, 1293, benteng_2, weibo, period, [pull_task.py 82 IntegrityError(1062. "Duplicate entry '3c4bba93033df0751be79155a_115587' for key 'PRIMARY'")]
2020-10-28 18:51:23,327, ERROR, 1293, benteng_2, weibo, period, [pull_task.py 82 IntegrityError(1062. "Duplicate entry '3c4bba93033df0751be79155a_115620' for key 'PRIMARY'")]
2020-10-28 18:51:23,336, ERROR, 1293, benteng_2, weibo, period, [pull_task.py 82 IntegrityError(1062. "Duplicate entry '3c4bba93033df0751be79155a_115965' for key 'PRIMARY'")]
2020-10-28 18:51:23,344, ERROR, 1293, benteng_2, weibo, period, [pull_task.py 82 IntegrityError(1062. "Duplicate entry '3c4bba93033df0751be79155a_115984' for key 'PRIMARY'")]
2020-10-28 18:51:23,354, ERROR, 1293, benteng_2, weibo, period, [pull_task.py 82 IntegrityError(1062. "Duplicate entry '3c4bba93033df0751be79155a_116305' for key 'PRIMARY'")]
2020-10-28 18:51:23,362, ERROR, 1293, benteng_2, weibo, period, [pull_task.py 82 IntegrityError(1062. "Duplicate entry '3c4bba93033df0751be79155a_116310' for key 'PRIMARY'")]
2020-10-28 18:51:23,371, ERROR, 1293, benteng_2, weibo, period, [pull_task.py 82 IntegrityError(1062. "Duplicate entry '3c4bba93033df0751be79155a_116314' for key 'PRIMARY'")]
2020-10-28 18:51:23,379, ERROR, 1293, benteng_2, weibo, period, [pull_task.py 82 IntegrityError(1062. "Duplicate entry '3c4bba93033df0751be79155a_116316' for key 'PRIMARY'")]
2020-10-28 18:51:23,388, ERROR, 1293, benteng_2, weibo, period, [pull_task.py 82 IntegrityError(1062. "Duplicate entry '3c4bba93033df0751be79155a_116321' for key 'PRIMARY'")]
2020-10-28 18:51:23,396, ERROR, 1293, benteng_2, weibo, period, [pull_task.py 82 IntegrityError(1062. "Duplicate entry '3c4bba93033df0751be79155a_116324' for key 'PRIMARY'")]
2020-10-28 18:51:23,405, ERROR, 1293, benteng_2, weibo, period, [pull_task.py 82 IntegrityError(1062. "Duplicate entry '3c4bba93033df0751be79155a_116340' for key 'PRIMARY'")]
2020-10-28 18:51:23,415, ERROR, 1293, benteng_2, weibo, period, [pull_task.py 82 IntegrityError(1062. "Duplicate entry '3c4bba93033df0751be79155a_116363' for key 'PRIMARY'")]
2020-10-28 18:51:23,423, ERROR, 1293, benteng_2, weibo, period, [pull_task.py 82 IntegrityError(1062. "Duplicate entry '3c4bba93033df0751be79155a_116384' for key 'PRIMARY'")]
2020-10-28 18:51:23,431, ERROR, 1293, benteng_2, weibo, period, [pull_task.py 82 IntegrityError(1062. "Duplicate entry '3c4bba93033df0751be79155a_116386' for key 'PRIMARY'")]
2020-10-28 18:51:23,440, ERROR, 1293, benteng_2, weibo, period, [pull_task.py 82 IntegrityError(1062. "Duplicate entry '3c4bba93033df0751be79155a_116391' for key 'PRIMARY'")]
2020-10-28 18:51:23,449, ERROR, 1293, benteng_2, weibo, period, [pull_task.py 82 IntegrityError(1062. "Duplicate entry '3c4bba93033df0751be79155a_116407' for key 'PRIMARY'")]
2020-10-28 18:51:23,457, ERROR, 1293, benteng_2, weibo, period, [pull_task.py 82 IntegrityError(1062. "Duplicate entry '3c4bba93033df0751be79155a_116419' for key 'PRIMARY'")]
2020-10-28 18:51:23,465, ERROR, 1293, benteng_2, weibo, period, [pull_task.py 82 IntegrityError(1062. "Duplicate entry '3c4bba93033df0751be79155a_116431' for key 'PRIMARY'")]
2020-10-28 18:51:23,477, ERROR, 1293, benteng_2, weibo, period, [pull_task.py 82 IntegrityError(1062. "Duplicate entry '3c4bba93033df0751be79155a_116450' for key 'PRIMARY'")]
2020-10-28 18:51:23,488, ERROR, 1293, benteng_2, weibo, period, [pull_task.py 82 IntegrityError(1062. "Duplicate entry '3c4bba93033df0751be79155a_116473' for key 'PRIMARY'")]
2020-10-28 18:51:23,496, ERROR, 1293, benteng_2, weibo, period, [pull_task.py 82 IntegrityError(1062. "Duplicate entry '3c4bba93033df0751be79155a_116529' for key 'PRIMARY'")]
2020-10-28 18:51:23,505, ERROR, 1293, benteng_2, weibo, period, [pull_task.py 82 IntegrityError(1062. "Duplicate entry '3c4bba93033df0751be79155a_116578' for key 'PRIMARY'")]
2020-10-28 18:51:23,513, ERROR, 1293, benteng_2, weibo, period, [pull_task.py 82 IntegrityError(1062. "Duplicate entry '3c4bba93033df0751be79155a_116584' for key 'PRIMARY'")]
2020-10-28 18:51:23,522, ERROR, 1293, benteng_2, weibo, period, [pull_task.py 82 IntegrityError(1062. "Duplicate entry '3c4bba93033df0751be79155a_116636' for key 'PRIMARY'")]
2020-10-28 18:51:23,531, ERROR, 1293, benteng_2, weibo, period, [pull_task.py 82 IntegrityError(1062. "Duplicate entry '3c4bba93033df0751be79155a_116638' for key 'PRIMARY'")]
2020-10-28 18:51:23,540, ERROR, 1293, benteng_2, weibo, period, [pull_task.py 82 IntegrityError(1062. "Duplicate entry '3c4bba93033df0751be79155a_116975' for key 'PRIMARY'")]
2020-10-28 18:51:23,548, ERROR, 1293, benteng_2, weibo, period, [pull_task.py 82 IntegrityError(1062. "Duplicate entry '3c4bba93033df0751be79155a_116999' for key 'PRIMARY'")]
2020-10-28 18:51:23,557, ERROR, 1293, benteng_2, weibo, period, [pull_task.py 82 IntegrityError(1062. "Duplicate entry '3c4bba93033df0751be79155a_117200' for key 'PRIMARY'")]
2020-10-28 18:51:23,570, ERROR, 1293, benteng_2, weibo, period, [pull_task.py 82 IntegrityError(1062. "Duplicate entry '3c4bba93033df0751be79155a_117221' for key 'PRIMARY'")]
2020-10-28 18:51:23,595, ERROR, 1293, benteng_2, weibo, period, [pull_task.py 82 IntegrityError(1062. "Duplicate entry '3c4bba93033df0751be79155a_117457' for key 'PRIMARY'")]
2020-10-28 18:51:23,603, ERROR, 1293, benteng_2, weibo, period, [pull_task.py 82 IntegrityError(1062. "Duplicate entry '3c4bba93033df0751be79155a_117488' for key 'PRIMARY'")]
2020-10-28 18:51:23,612, ERROR, 1293, benteng_2, weibo, period, [pull_task.py 82 IntegrityError(1062. "Duplicate entry '3c4bba93033df0751be79155a_117536' for key 'PRIMARY'")]
2020-10-28 18:51:23,620, ERROR, 1293, benteng_2, weibo, period, [pull_task.py 82 IntegrityError(1062. "Duplicate entry '3c4bba93033df0751be79155a_117548' for key 'PRIMARY'")]
2020-10-28 18:51:23,629, ERROR, 1293, benteng_2, weibo, period, [pull_task.py 82 IntegrityError(1062. "Duplicate entry '3c4bba93033df0751be79155a_117626' for key 'PRIMARY'")]
2020-10-28 18:51:23,638, ERROR, 1293, benteng_2, weibo, period, [pull_task.py 82 IntegrityError(1062. "Duplicate entry '3c4bba93033df0751be79155a_117681' for key 'PRIMARY'")]
2020-10-28 18:51:23,646, ERROR, 1293, benteng_2, weibo, period, [pull_task.py 82 IntegrityError(1062. "Duplicate entry '3c4bba93033df0751be79155a_117710' for key 'PRIMARY'")]
2020-10-28 18:51:23,655, ERROR, 1293, benteng_2, weibo, period, [pull_task.py 82 IntegrityError(1062. "Duplicate entry '3c4bba93033df0751be79155a_117732' for key 'PRIMARY'")]
2020-10-28 18:51:23,664, ERROR, 1293, benteng_2, weibo, period, [pull_task.py 82 IntegrityError(1062. "Duplicate entry '3c4bba93033df0751be79155a_118038' for key 'PRIMARY'")]
2020-10-28 18:51:23,673, ERROR, 1293, benteng_2, weibo, period, [pull_task.py 82 IntegrityError(1062. "Duplicate entry '3c4bba93033df0751be79155a_118091' for key 'PRIMARY'")]
2020-10-28 18:51:23,682, ERROR, 1293, benteng_2, weibo, period, [pull_task.py 82 IntegrityError(1062. "Duplicate entry '3c4bba93033df0751be79155a_118183' for key 'PRIMARY'")]
2020-10-28 18:51:23,694, ERROR, 1293, benteng_2, weibo, period, [pull_task.py 82 IntegrityError(1062. "Duplicate entry '3c4bba93033df0751be79155a_118217' for key 'PRIMARY'")]
2020-10-28 18:51:23,703, ERROR, 1293, benteng_2, weibo, period, [pull_task.py 82 IntegrityError(1062. "Duplicate entry '3c4bba93033df0751be79155a_118220' for key 'PRIMARY'")]
2020-10-28 18:51:23,711, ERROR, 1293, benteng_2, weibo, period, [pull_task.py 82 IntegrityError(1062. "Duplicate entry '3c4bba93033df0751be79155a_118315' for key 'PRIMARY'")]
2020-10-28 18:51:23,720, ERROR, 1293, benteng_2, weibo, period, [pull_task.py 82 IntegrityError(1062. "Duplicate entry '3c4bba93033df0751be79155a_118349' for key 'PRIMARY'")]
2020-10-28 18:51:23,729, ERROR, 1293, benteng_2, weibo, period, [pull_task.py 82 IntegrityError(1062. "Duplicate entry '3c4bba93033df0751be79155a_118573' for key 'PRIMARY'")]
2020-10-28 18:51:23,737, ERROR, 1293, benteng_2, weibo, period, [pull_task.py 82 IntegrityError(1062. "Duplicate entry '3c4bba93033df0751be79155a_118582' for key 'PRIMARY'")]
2020-10-28 18:51:23,746, ERROR, 1293, benteng_2, weibo, period, [pull_task.py 82 IntegrityError(1062. "Duplicate entry '3c4bba93033df0751be79155a_118723' for key 'PRIMARY'")]
2020-10-28 18:51:23,755, ERROR, 1293, benteng_2, weibo, period, [pull_task.py 82 IntegrityError(1062. "Duplicate entry '3c4bba93033df0751be79155a_118812' for key 'PRIMARY'")]
2020-10-28 18:51:23,764, ERROR, 1293, benteng_2, weibo, period, [pull_task.py 82 IntegrityError(1062. "Duplicate entry '3c4bba93033df0751be79155a_118855' for key 'PRIMARY'")]
2020-10-28 18:51:23,772, ERROR, 1293, benteng_2, weibo, period, [pull_task.py 82 IntegrityError(1062. "Duplicate entry '3c4bba93033df0751be79155a_118916' for key 'PRIMARY'")]
2020-10-28 18:51:23,781, ERROR, 1293, benteng_2, weibo, period, [pull_task.py 82 IntegrityError(1062. "Duplicate entry '3c4bba93033df0751be79155a_119048' for key 'PRIMARY'")]
2020-10-28 18:51:23,789, ERROR, 1293, benteng_2, weibo, period, [pull_task.py 82 IntegrityError(1062. "Duplicate entry '3c4bba93033df0751be79155a_119438' for key 'PRIMARY'")]
2020-10-28 18:51:23,798, ERROR, 1293, benteng_2, weibo, period, [pull_task.py 82 IntegrityError(1062. "Duplicate entry '3c4bba93033df0751be79155a_119444' for key 'PRIMARY'")]
2020-10-28 18:51:23,807, ERROR, 1293, benteng_2, weibo, period, [pull_task.py 82 IntegrityError(1062. "Duplicate entry '3c4bba93033df0751be79155a_119463' for key 'PRIMARY'")]
2020-10-28 18:51:23,815, ERROR, 1293, benteng_2, weibo, period, [pull_task.py 82 IntegrityError(1062. "Duplicate entry '3c4bba93033df0751be79155a_119935' for key 'PRIMARY'")]
2020-10-28 18:51:23,824, ERROR, 1293, benteng_2, weibo, period, [pull_task.py 82 IntegrityError(1062. "Duplicate entry '30bca197fbb21bd71d4c3fe7b_127815' for key 'PRIMARY'")]
2020-10-28 18:51:23,833, ERROR, 1293, benteng_2, weibo, period, [pull_task.py 82 IntegrityError(1062. "Duplicate entry '30bca197fbb21bd71d4c3fe7b_127991' for key 'PRIMARY'")]
2020-10-28 18:51:23,841, ERROR, 1293, benteng_2, weibo, period, [pull_task.py 82 IntegrityError(1062. "Duplicate entry '30bca197fbb21bd71d4c3fe7b_128209' for key 'PRIMARY'")]
2020-10-28 18:51:23,850, ERROR, 1293, benteng_2, weibo, period, [pull_task.py 82 IntegrityError(1062. "Duplicate entry '30bca197fbb21bd71d4c3fe7b_128217' for key 'PRIMARY'")]
2020-10-28 18:51:23,859, ERROR, 1293, benteng_2, weibo, period, [pull_task.py 82 IntegrityError(1062. "Duplicate entry '30bca197fbb21bd71d4c3fe7b_128313' for key 'PRIMARY'")]
2020-10-28 18:51:23,867, ERROR, 1293, benteng_2, weibo, period, [pull_task.py 82 IntegrityError(1062. "Duplicate entry '30bca197fbb21bd71d4c3fe7b_128588' for key 'PRIMARY'")]
2020-10-28 18:51:23,880, ERROR, 1293, benteng_2, weibo, period, [pull_task.py 82 IntegrityError(1062. "Duplicate entry '30bca197fbb21bd71d4c3fe7b_128692' for key 'PRIMARY'")]
2020-10-28 18:51:23,889, ERROR, 1293, benteng_2, weibo, period, [pull_task.py 82 IntegrityError(1062. "Duplicate entry '30bca197fbb21bd71d4c3fe7b_128693' for key 'PRIMARY'")]
2020-10-28 18:51:23,897, ERROR, 1293, benteng_2, weibo, period, [pull_task.py 82 IntegrityError(1062. "Duplicate entry '30bca197fbb21bd71d4c3fe7b_128783' for key 'PRIMARY'")]
2020-10-28 18:51:23,906, ERROR, 1293, benteng_2, weibo, period, [pull_task.py 82 IntegrityError(1062. "Duplicate entry '30bca197fbb21bd71d4c3fe7b_128898' for key 'PRIMARY'")]
2020-10-28 18:51:23,915, ERROR, 1293, benteng_2, weibo, period, [pull_task.py 82 IntegrityError(1062. "Duplicate entry '30bca197fbb21bd71d4c3fe7b_128955' for key 'PRIMARY'")]
2020-10-28 18:51:23,924, ERROR, 1293, benteng_2, weibo, period, [pull_task.py 82 IntegrityError(1062. "Duplicate entry '30bca197fbb21bd71d4c3fe7b_128989' for key 'PRIMARY'")]
2020-10-28 18:51:23,933, ERROR, 1293, benteng_2, weibo, period, [pull_task.py 82 IntegrityError(1062. "Duplicate entry '30bca197fbb21bd71d4c3fe7b_129001' for key 'PRIMARY'")]
2020-10-28 18:51:23,942, ERROR, 1293, benteng_2, weibo, period, [pull_task.py 82 IntegrityError(1062. "Duplicate entry '30bca197fbb21bd71d4c3fe7b_129116' for key 'PRIMARY'")]
2020-10-28 18:51:23,951, ERROR, 1293, benteng_2, weibo, period, [pull_task.py 82 IntegrityError(1062. "Duplicate entry '30bca197fbb21bd71d4c3fe7b_129158' for key 'PRIMARY'")]
2020-10-28 18:51:23,960, ERROR, 1293, benteng_2, weibo, period, [pull_task.py 82 IntegrityError(1062. "Duplicate entry '30bca197fbb21bd71d4c3fe7b_129182' for key 'PRIMARY'")]
2020-10-28 18:51:23,969, ERROR, 1293, benteng_2, weibo, period, [pull_task.py 82 IntegrityError(1062. "Duplicate entry '30bca197fbb21bd71d4c3fe7b_129244' for key 'PRIMARY'")]
2020-10-28 18:51:23,977, ERROR, 1293, benteng_2, weibo, period, [pull_task.py 82 IntegrityError(1062. "Duplicate entry '30bca197fbb21bd71d4c3fe7b_129295' for key 'PRIMARY'")]
2020-10-28 18:51:23,986, ERROR, 1293, benteng_2, weibo, period, [pull_task.py 82 IntegrityError(1062. "Duplicate entry '30bca197fbb21bd71d4c3fe7b_129329' for key 'PRIMARY'")]
2020-10-28 18:51:23,995, ERROR, 1293, benteng_2, weibo, period, [pull_task.py 82 IntegrityError(1062. "Duplicate entry '30bca197fbb21bd71d4c3fe7b_129430' for key 'PRIMARY'")]
2020-10-28 18:51:24,003, ERROR, 1293, benteng_2, weibo, period, [pull_task.py 82 IntegrityError(1062. "Duplicate entry '30bca197fbb21bd71d4c3fe7b_129575' for key 'PRIMARY'")]
2020-10-28 18:51:24,012, ERROR, 1293, benteng_2, weibo, period, [pull_task.py 82 IntegrityError(1062. "Duplicate entry '30bca197fbb21bd71d4c3fe7b_129585' for key 'PRIMARY'")]
2020-10-28 18:51:24,020, ERROR, 1293, benteng_2, weibo, period, [pull_task.py 82 IntegrityError(1062. "Duplicate entry '30bca197fbb21bd71d4c3fe7b_129663' for key 'PRIMARY'")]
2020-10-28 18:51:24,028, ERROR, 1293, benteng_2, weibo, period, [pull_task.py 82 IntegrityError(1062. "Duplicate entry '30bca197fbb21bd71d4c3fe7b_130206' for key 'PRIMARY'")]
2020-10-28 18:51:24,037, ERROR, 1293, benteng_2, weibo, period, [pull_task.py 82 IntegrityError(1062. "Duplicate entry '30bca197fbb21bd71d4c3fe7b_130236' for key 'PRIMARY'")]
2020-10-28 18:51:24,046, ERROR, 1293, benteng_2, weibo, period, [pull_task.py 82 IntegrityError(1062. "Duplicate entry '30bca197fbb21bd71d4c3fe7b_130533' for key 'PRIMARY'")]
2020-10-28 18:51:24,056, ERROR, 1293, benteng_2, weibo, period, [pull_task.py 82 IntegrityError(1062. "Duplicate entry '30bca197fbb21bd71d4c3fe7b_130917' for key 'PRIMARY'")]
2020-10-28 18:51:24,064, ERROR, 1293, benteng_2, weibo, period, [pull_task.py 82 IntegrityError(1062. "Duplicate entry '30bca197fbb21bd71d4c3fe7b_130923' for key 'PRIMARY'")]
2020-10-28 18:51:24,073, ERROR, 1293, benteng_2, weibo, period, [pull_task.py 82 IntegrityError(1062. "Duplicate entry '30bca197fbb21bd71d4c3fe7b_130967' for key 'PRIMARY'")]
2020-10-28 18:51:24,082, ERROR, 1293, benteng_2, weibo, period, [pull_task.py 82 IntegrityError(1062. "Duplicate entry '30bca197fbb21bd71d4c3fe7b_131055' for key 'PRIMARY'")]
2020-10-28 18:51:24,095, ERROR, 1293, benteng_2, weibo, period, [pull_task.py 82 IntegrityError(1062. "Duplicate entry '30bca197fbb21bd71d4c3fe7b_131066' for key 'PRIMARY'")]
2020-10-28 18:51:24,115, ERROR, 1293, benteng_2, weibo, period, [pull_task.py 82 IntegrityError(1062. "Duplicate entry '30bca197fbb21bd71d4c3fe7b_131213' for key 'PRIMARY'")]
2020-10-28 18:51:24,131, ERROR, 1293, benteng_2, weibo, period, [pull_task.py 82 IntegrityError(1062. "Duplicate entry '30bca197fbb21bd71d4c3fe7b_131230' for key 'PRIMARY'")]
2020-10-28 18:51:24,147, ERROR, 1293, benteng_2, weibo, period, [pull_task.py 82 IntegrityError(1062. "Duplicate entry '30bca197fbb21bd71d4c3fe7b_131240' for key 'PRIMARY'")]
2020-10-28 18:51:24,156, ERROR, 1293, benteng_2, weibo, period, [pull_task.py 82 IntegrityError(1062. "Duplicate entry '30bca197fbb21bd71d4c3fe7b_131315' for key 'PRIMARY'")]
2020-10-28 18:51:24,165, ERROR, 1293, benteng_2, weibo, period, [pull_task.py 82 IntegrityError(1062. "Duplicate entry '30bca197fbb21bd71d4c3fe7b_131317' for key 'PRIMARY'")]
2020-10-28 18:51:24,176, ERROR, 1293, benteng_2, weibo, period, [pull_task.py 82 IntegrityError(1062. "Duplicate entry '30bca197fbb21bd71d4c3fe7b_131318' for key 'PRIMARY'")]
2020-10-28 18:51:24,185, ERROR, 1293, benteng_2, weibo, period, [pull_task.py 82 IntegrityError(1062. "Duplicate entry '30bca197fbb21bd71d4c3fe7b_133209' for key 'PRIMARY'")]
2020-10-28 18:51:24,195, ERROR, 1293, benteng_2, weibo, period, [pull_task.py 82 IntegrityError(1062. "Duplicate entry '30bca197fbb21bd71d4c3fe7b_133210' for key 'PRIMARY'")]
2020-10-28 18:51:24,204, ERROR, 1293, benteng_2, weibo, period, [pull_task.py 82 IntegrityError(1062. "Duplicate entry '30bca197fbb21bd71d4c3fe7b_134645' for key 'PRIMARY'")]
2020-10-28 18:51:24,214, ERROR, 1293, benteng_2, weibo, period, [pull_task.py 82 IntegrityError(1062. "Duplicate entry '30bca197fbb21bd71d4c3fe7b_134927' for key 'PRIMARY'")]
2020-10-28 18:51:24,224, ERROR, 1293, benteng_2, weibo, period, [pull_task.py 82 IntegrityError(1062. "Duplicate entry '30bca197fbb21bd71d4c3fe7b_135395' for key 'PRIMARY'")]
2020-10-28 18:51:24,235, ERROR, 1293, benteng_2, weibo, period, [pull_task.py 82 IntegrityError(1062. "Duplicate entry '30bca197fbb21bd71d4c3fe7b_136524' for key 'PRIMARY'")]
2020-10-28 18:51:24,245, ERROR, 1293, benteng_2, weibo, period, [pull_task.py 82 IntegrityError(1062. "Duplicate entry '30bca197fbb21bd71d4c3fe7b_136619' for key 'PRIMARY'")]
2020-10-28 18:51:24,256, ERROR, 1293, benteng_2, weibo, period, [pull_task.py 82 IntegrityError(1062. "Duplicate entry '30bca197fbb21bd71d4c3fe7b_137306' for key 'PRIMARY'")]
2020-10-28 18:51:24,267, ERROR, 1293, benteng_2, weibo, period, [pull_task.py 82 IntegrityError(1062. "Duplicate entry '30bca197fbb21bd71d4c3fe7b_137618' for key 'PRIMARY'")]
2020-10-28 18:51:24,276, ERROR, 1293, benteng_2, weibo, period, [pull_task.py 82 IntegrityError(1062. "Duplicate entry '30bca197fbb21bd71d4c3fe7b_137735' for key 'PRIMARY'")]
2020-10-28 18:51:24,285, ERROR, 1293, benteng_2, weibo, period, [pull_task.py 82 IntegrityError(1062. "Duplicate entry '30bca197fbb21bd71d4c3fe7b_138041' for key 'PRIMARY'")]
2020-10-28 18:51:24,294, ERROR, 1293, benteng_2, weibo, period, [pull_task.py 82 IntegrityError(1062. "Duplicate entry '30bca197fbb21bd71d4c3fe7b_146852' for key 'PRIMARY'")]
2020-10-28 18:51:24,303, ERROR, 1293, benteng_2, weibo, period, [pull_task.py 82 IntegrityError(1062. "Duplicate entry '30bca197fbb21bd71d4c3fe7b_147122' for key 'PRIMARY'")]
2020-10-28 18:51:24,312, ERROR, 1293, benteng_2, weibo, period, [pull_task.py 82 IntegrityError(1062. "Duplicate entry '30bca197fbb21bd71d4c3fe7b_147156' for key 'PRIMARY'")]
2020-10-28 18:51:24,322, ERROR, 1293, benteng_2, weibo, period, [pull_task.py 82 IntegrityError(1062. "Duplicate entry '30bca197fbb21bd71d4c3fe7b_147168' for key 'PRIMARY'")]
2020-10-28 18:51:24,330, ERROR, 1293, benteng_2, weibo, period, [pull_task.py 82 IntegrityError(1062. "Duplicate entry '30bca197fbb21bd71d4c3fe7b_147311' for key 'PRIMARY'")]
2020-10-28 18:51:24,339, ERROR, 1293, benteng_2, weibo, period, [pull_task.py 82 IntegrityError(1062. "Duplicate entry '30bca197fbb21bd71d4c3fe7b_147325' for key 'PRIMARY'")]
2020-10-28 18:51:24,349, ERROR, 1293, benteng_2, weibo, period, [pull_task.py 82 IntegrityError(1062. "Duplicate entry '30bca197fbb21bd71d4c3fe7b_147534' for key 'PRIMARY'")]
2020-10-28 18:51:24,357, ERROR, 1293, benteng_2, weibo, period, [pull_task.py 82 IntegrityError(1062. "Duplicate entry '30bca197fbb21bd71d4c3fe7b_147548' for key 'PRIMARY'")]
2020-10-28 18:51:24,366, ERROR, 1293, benteng_2, weibo, period, [pull_task.py 82 IntegrityError(1062. "Duplicate entry '30bca197fbb21bd71d4c3fe7b_147566' for key 'PRIMARY'")]
2020-10-28 18:51:24,374, ERROR, 1293, benteng_2, weibo, period, [pull_task.py 82 IntegrityError(1062. "Duplicate entry '30bca197fbb21bd71d4c3fe7b_147803' for key 'PRIMARY'")]
2020-10-28 18:51:24,383, ERROR, 1293, benteng_2, weibo, period, [pull_task.py 82 IntegrityError(1062. "Duplicate entry '30bca197fbb21bd71d4c3fe7b_147851' for key 'PRIMARY'")]
2020-10-28 18:51:24,391, ERROR, 1293, benteng_2, weibo, period, [pull_task.py 82 IntegrityError(1062. "Duplicate entry '30bca197fbb21bd71d4c3fe7b_147856' for key 'PRIMARY'")]
2020-10-28 18:51:24,400, ERROR, 1293, benteng_2, weibo, period, [pull_task.py 82 IntegrityError(1062. "Duplicate entry '30bca197fbb21bd71d4c3fe7b_147997' for key 'PRIMARY'")]
2020-10-28 18:51:24,409, ERROR, 1293, benteng_2, weibo, period, [pull_task.py 82 IntegrityError(1062. "Duplicate entry '30bca197fbb21bd71d4c3fe7b_148422' for key 'PRIMARY'")]
2020-10-28 18:51:24,409, INFO, 1293, benteng_2, weibo, period, finish insert :0 data 
2020-10-28 19:12:00,615, INFO, 1404, benteng_2, weibo, period, pull 221 data
2020-10-28 19:12:00,616, INFO, 1404, benteng_2, weibo, period, start insert
2020-10-28 19:12:00,694, ERROR, 1404, benteng_2, weibo, period, [pull_task.py 82 IntegrityError(1062. "Duplicate entry '3c4bba93033df0751be79155ae_71016' for key 'PRIMARY'")]
2020-10-28 19:12:00,704, ERROR, 1404, benteng_2, weibo, period, [pull_task.py 82 IntegrityError(1062. "Duplicate entry '3c4bba93033df0751be79155ae_71022' for key 'PRIMARY'")]
2020-10-28 19:12:00,713, ERROR, 1404, benteng_2, weibo, period, [pull_task.py 82 IntegrityError(1062. "Duplicate entry '3c4bba93033df0751be79155ae_71025' for key 'PRIMARY'")]
2020-10-28 19:12:00,723, ERROR, 1404, benteng_2, weibo, period, [pull_task.py 82 IntegrityError(1062. "Duplicate entry '3c4bba93033df0751be79155ae_71026' for key 'PRIMARY'")]
2020-10-28 19:12:00,733, ERROR, 1404, benteng_2, weibo, period, [pull_task.py 82 IntegrityError(1062. "Duplicate entry '3c4bba93033df0751be79155ae_71027' for key 'PRIMARY'")]
2020-10-28 19:12:00,741, ERROR, 1404, benteng_2, weibo, period, [pull_task.py 82 IntegrityError(1062. "Duplicate entry '3c4bba93033df0751be79155ae_71028' for key 'PRIMARY'")]
2020-10-28 19:12:00,750, ERROR, 1404, benteng_2, weibo, period, [pull_task.py 82 IntegrityError(1062. "Duplicate entry '3c4bba93033df0751be79155ae_71042' for key 'PRIMARY'")]
2020-10-28 19:12:00,759, ERROR, 1404, benteng_2, weibo, period, [pull_task.py 82 IntegrityError(1062. "Duplicate entry '3c4bba93033df0751be79155ae_71049' for key 'PRIMARY'")]
2020-10-28 19:12:00,768, ERROR, 1404, benteng_2, weibo, period, [pull_task.py 82 IntegrityError(1062. "Duplicate entry '3c4bba93033df0751be79155ae_71050' for key 'PRIMARY'")]
2020-10-28 19:12:00,777, ERROR, 1404, benteng_2, weibo, period, [pull_task.py 82 IntegrityError(1062. "Duplicate entry '3c4bba93033df0751be79155ae_71056' for key 'PRIMARY'")]
2020-10-28 19:12:00,788, ERROR, 1404, benteng_2, weibo, period, [pull_task.py 82 IntegrityError(1062. "Duplicate entry '3c4bba93033df0751be79155ae_71064' for key 'PRIMARY'")]
2020-10-28 19:12:00,797, ERROR, 1404, benteng_2, weibo, period, [pull_task.py 82 IntegrityError(1062. "Duplicate entry '3c4bba93033df0751be79155ae_71073' for key 'PRIMARY'")]
2020-10-28 19:12:00,806, ERROR, 1404, benteng_2, weibo, period, [pull_task.py 82 IntegrityError(1062. "Duplicate entry '3c4bba93033df0751be79155ae_71085' for key 'PRIMARY'")]
2020-10-28 19:12:00,819, ERROR, 1404, benteng_2, weibo, period, [pull_task.py 82 IntegrityError(1062. "Duplicate entry '3c4bba93033df0751be79155ae_71087' for key 'PRIMARY'")]
2020-10-28 19:12:00,828, ERROR, 1404, benteng_2, weibo, period, [pull_task.py 82 IntegrityError(1062. "Duplicate entry '3c4bba93033df0751be79155ae_71123' for key 'PRIMARY'")]
2020-10-28 19:12:00,839, ERROR, 1404, benteng_2, weibo, period, [pull_task.py 82 IntegrityError(1062. "Duplicate entry '3c4bba93033df0751be79155ae_71143' for key 'PRIMARY'")]
2020-10-28 19:12:00,848, ERROR, 1404, benteng_2, weibo, period, [pull_task.py 82 IntegrityError(1062. "Duplicate entry '3c4bba93033df0751be79155ae_71145' for key 'PRIMARY'")]
2020-10-28 19:12:00,857, ERROR, 1404, benteng_2, weibo, period, [pull_task.py 82 IntegrityError(1062. "Duplicate entry '3c4bba93033df0751be79155ae_71148' for key 'PRIMARY'")]
2020-10-28 19:12:00,866, ERROR, 1404, benteng_2, weibo, period, [pull_task.py 82 IntegrityError(1062. "Duplicate entry '3c4bba93033df0751be79155ae_71149' for key 'PRIMARY'")]
2020-10-28 19:12:00,876, ERROR, 1404, benteng_2, weibo, period, [pull_task.py 82 IntegrityError(1062. "Duplicate entry '3c4bba93033df0751be79155ae_71167' for key 'PRIMARY'")]
2020-10-28 19:12:00,888, ERROR, 1404, benteng_2, weibo, period, [pull_task.py 82 IntegrityError(1062. "Duplicate entry '3c4bba93033df0751be79155ae_71170' for key 'PRIMARY'")]
2020-10-28 19:12:00,896, ERROR, 1404, benteng_2, weibo, period, [pull_task.py 82 IntegrityError(1062. "Duplicate entry '3c4bba93033df0751be79155ae_71181' for key 'PRIMARY'")]
2020-10-28 19:12:00,906, ERROR, 1404, benteng_2, weibo, period, [pull_task.py 82 IntegrityError(1062. "Duplicate entry '3c4bba93033df0751be79155ae_71195' for key 'PRIMARY'")]
2020-10-28 19:12:00,916, ERROR, 1404, benteng_2, weibo, period, [pull_task.py 82 IntegrityError(1062. "Duplicate entry '3c4bba93033df0751be79155ae_71196' for key 'PRIMARY'")]
2020-10-28 19:12:00,925, ERROR, 1404, benteng_2, weibo, period, [pull_task.py 82 IntegrityError(1062. "Duplicate entry '3c4bba93033df0751be79155ae_71200' for key 'PRIMARY'")]
2020-10-28 19:12:00,933, ERROR, 1404, benteng_2, weibo, period, [pull_task.py 82 IntegrityError(1062. "Duplicate entry '3c4bba93033df0751be79155ae_71207' for key 'PRIMARY'")]
2020-10-28 19:12:00,941, ERROR, 1404, benteng_2, weibo, period, [pull_task.py 82 IntegrityError(1062. "Duplicate entry '3c4bba93033df0751be79155ae_71217' for key 'PRIMARY'")]
2020-10-28 19:12:00,949, ERROR, 1404, benteng_2, weibo, period, [pull_task.py 82 IntegrityError(1062. "Duplicate entry '3c4bba93033df0751be79155ae_71218' for key 'PRIMARY'")]
2020-10-28 19:12:00,958, ERROR, 1404, benteng_2, weibo, period, [pull_task.py 82 IntegrityError(1062. "Duplicate entry '3c4bba93033df0751be79155ae_71221' for key 'PRIMARY'")]
2020-10-28 19:12:00,966, ERROR, 1404, benteng_2, weibo, period, [pull_task.py 82 IntegrityError(1062. "Duplicate entry '3c4bba93033df0751be79155ae_71231' for key 'PRIMARY'")]
2020-10-28 19:12:00,975, ERROR, 1404, benteng_2, weibo, period, [pull_task.py 82 IntegrityError(1062. "Duplicate entry '3c4bba93033df0751be79155ae_71232' for key 'PRIMARY'")]
2020-10-28 19:12:00,985, ERROR, 1404, benteng_2, weibo, period, [pull_task.py 82 IntegrityError(1062. "Duplicate entry '3c4bba93033df0751be79155ae_71236' for key 'PRIMARY'")]
2020-10-28 19:12:00,994, ERROR, 1404, benteng_2, weibo, period, [pull_task.py 82 IntegrityError(1062. "Duplicate entry '3c4bba93033df0751be79155ae_71254' for key 'PRIMARY'")]
2020-10-28 19:12:01,003, ERROR, 1404, benteng_2, weibo, period, [pull_task.py 82 IntegrityError(1062. "Duplicate entry '3c4bba93033df0751be79155ae_71255' for key 'PRIMARY'")]
2020-10-28 19:12:01,012, ERROR, 1404, benteng_2, weibo, period, [pull_task.py 82 IntegrityError(1062. "Duplicate entry '3c4bba93033df0751be79155ae_71256' for key 'PRIMARY'")]
2020-10-28 19:12:01,020, ERROR, 1404, benteng_2, weibo, period, [pull_task.py 82 IntegrityError(1062. "Duplicate entry '3c4bba93033df0751be79155ae_71271' for key 'PRIMARY'")]
2020-10-28 19:12:01,029, ERROR, 1404, benteng_2, weibo, period, [pull_task.py 82 IntegrityError(1062. "Duplicate entry '3c4bba93033df0751be79155ae_71272' for key 'PRIMARY'")]
2020-10-28 19:12:01,037, ERROR, 1404, benteng_2, weibo, period, [pull_task.py 82 IntegrityError(1062. "Duplicate entry '3c4bba93033df0751be79155ae_71281' for key 'PRIMARY'")]
2020-10-28 19:12:01,045, ERROR, 1404, benteng_2, weibo, period, [pull_task.py 82 IntegrityError(1062. "Duplicate entry '3c4bba93033df0751be79155ae_71284' for key 'PRIMARY'")]
2020-10-28 19:12:01,054, ERROR, 1404, benteng_2, weibo, period, [pull_task.py 82 IntegrityError(1062. "Duplicate entry '3c4bba93033df0751be79155ae_71288' for key 'PRIMARY'")]
2020-10-28 19:12:01,062, ERROR, 1404, benteng_2, weibo, period, [pull_task.py 82 IntegrityError(1062. "Duplicate entry '3c4bba93033df0751be79155ae_71289' for key 'PRIMARY'")]
2020-10-28 19:12:01,071, ERROR, 1404, benteng_2, weibo, period, [pull_task.py 82 IntegrityError(1062. "Duplicate entry '3c4bba93033df0751be79155ae_71297' for key 'PRIMARY'")]
2020-10-28 19:12:01,080, ERROR, 1404, benteng_2, weibo, period, [pull_task.py 82 IntegrityError(1062. "Duplicate entry '3c4bba93033df0751be79155ae_71306' for key 'PRIMARY'")]
2020-10-28 19:12:01,092, ERROR, 1404, benteng_2, weibo, period, [pull_task.py 82 IntegrityError(1062. "Duplicate entry '3c4bba93033df0751be79155ae_71311' for key 'PRIMARY'")]
2020-10-28 19:12:01,101, ERROR, 1404, benteng_2, weibo, period, [pull_task.py 82 IntegrityError(1062. "Duplicate entry '3c4bba93033df0751be79155ae_71313' for key 'PRIMARY'")]
2020-10-28 19:12:01,109, ERROR, 1404, benteng_2, weibo, period, [pull_task.py 82 IntegrityError(1062. "Duplicate entry '3c4bba93033df0751be79155ae_71328' for key 'PRIMARY'")]
2020-10-28 19:12:01,118, ERROR, 1404, benteng_2, weibo, period, [pull_task.py 82 IntegrityError(1062. "Duplicate entry '3c4bba93033df0751be79155ae_71329' for key 'PRIMARY'")]
2020-10-28 19:12:01,126, ERROR, 1404, benteng_2, weibo, period, [pull_task.py 82 IntegrityError(1062. "Duplicate entry '3c4bba93033df0751be79155ae_71331' for key 'PRIMARY'")]
2020-10-28 19:12:01,135, ERROR, 1404, benteng_2, weibo, period, [pull_task.py 82 IntegrityError(1062. "Duplicate entry '3c4bba93033df0751be79155ae_71332' for key 'PRIMARY'")]
2020-10-28 19:12:01,143, ERROR, 1404, benteng_2, weibo, period, [pull_task.py 82 IntegrityError(1062. "Duplicate entry '3c4bba93033df0751be79155ae_71333' for key 'PRIMARY'")]
2020-10-28 19:12:01,152, ERROR, 1404, benteng_2, weibo, period, [pull_task.py 82 IntegrityError(1062. "Duplicate entry '3c4bba93033df0751be79155ae_71334' for key 'PRIMARY'")]
2020-10-28 19:12:01,161, ERROR, 1404, benteng_2, weibo, period, [pull_task.py 82 IntegrityError(1062. "Duplicate entry '3c4bba93033df0751be79155ae_71335' for key 'PRIMARY'")]
2020-10-28 19:12:01,170, ERROR, 1404, benteng_2, weibo, period, [pull_task.py 82 IntegrityError(1062. "Duplicate entry '3c4bba93033df0751be79155ae_71338' for key 'PRIMARY'")]
2020-10-28 19:12:01,178, ERROR, 1404, benteng_2, weibo, period, [pull_task.py 82 IntegrityError(1062. "Duplicate entry '3c4bba93033df0751be79155ae_71339' for key 'PRIMARY'")]
2020-10-28 19:12:01,191, ERROR, 1404, benteng_2, weibo, period, [pull_task.py 82 IntegrityError(1062. "Duplicate entry '3c4bba93033df0751be79155ae_71341' for key 'PRIMARY'")]
2020-10-28 19:12:01,199, ERROR, 1404, benteng_2, weibo, period, [pull_task.py 82 IntegrityError(1062. "Duplicate entry '3c4bba93033df0751be79155ae_71342' for key 'PRIMARY'")]
2020-10-28 19:12:01,209, ERROR, 1404, benteng_2, weibo, period, [pull_task.py 82 IntegrityError(1062. "Duplicate entry '3c4bba93033df0751be79155ae_71354' for key 'PRIMARY'")]
2020-10-28 19:12:01,217, ERROR, 1404, benteng_2, weibo, period, [pull_task.py 82 IntegrityError(1062. "Duplicate entry '3c4bba93033df0751be79155ae_71374' for key 'PRIMARY'")]
2020-10-28 19:12:01,227, ERROR, 1404, benteng_2, weibo, period, [pull_task.py 82 IntegrityError(1062. "Duplicate entry '3c4bba93033df0751be79155ae_71381' for key 'PRIMARY'")]
2020-10-28 19:12:01,239, ERROR, 1404, benteng_2, weibo, period, [pull_task.py 82 IntegrityError(1062. "Duplicate entry '3c4bba93033df0751be79155ae_71382' for key 'PRIMARY'")]
2020-10-28 19:12:01,249, ERROR, 1404, benteng_2, weibo, period, [pull_task.py 82 IntegrityError(1062. "Duplicate entry '3c4bba93033df0751be79155ae_71392' for key 'PRIMARY'")]
2020-10-28 19:12:01,259, ERROR, 1404, benteng_2, weibo, period, [pull_task.py 82 IntegrityError(1062. "Duplicate entry '3c4bba93033df0751be79155ae_71403' for key 'PRIMARY'")]
2020-10-28 19:12:01,274, ERROR, 1404, benteng_2, weibo, period, [pull_task.py 82 IntegrityError(1062. "Duplicate entry '3c4bba93033df0751be79155ae_71405' for key 'PRIMARY'")]
2020-10-28 19:12:01,288, ERROR, 1404, benteng_2, weibo, period, [pull_task.py 82 IntegrityError(1062. "Duplicate entry '3c4bba93033df0751be79155ae_71406' for key 'PRIMARY'")]
2020-10-28 19:12:01,299, ERROR, 1404, benteng_2, weibo, period, [pull_task.py 82 IntegrityError(1062. "Duplicate entry '3c4bba93033df0751be79155ae_71408' for key 'PRIMARY'")]
2020-10-28 19:12:01,311, ERROR, 1404, benteng_2, weibo, period, [pull_task.py 82 IntegrityError(1062. "Duplicate entry '3c4bba93033df0751be79155ae_71412' for key 'PRIMARY'")]
2020-10-28 19:12:01,319, ERROR, 1404, benteng_2, weibo, period, [pull_task.py 82 IntegrityError(1062. "Duplicate entry '3c4bba93033df0751be79155ae_71424' for key 'PRIMARY'")]
2020-10-28 19:12:01,327, ERROR, 1404, benteng_2, weibo, period, [pull_task.py 82 IntegrityError(1062. "Duplicate entry '3c4bba93033df0751be79155ae_71429' for key 'PRIMARY'")]
2020-10-28 19:12:01,339, ERROR, 1404, benteng_2, weibo, period, [pull_task.py 82 IntegrityError(1062. "Duplicate entry '3c4bba93033df0751be79155ae_71433' for key 'PRIMARY'")]
2020-10-28 19:12:01,350, ERROR, 1404, benteng_2, weibo, period, [pull_task.py 82 IntegrityError(1062. "Duplicate entry '3c4bba93033df0751be79155ae_71435' for key 'PRIMARY'")]
2020-10-28 19:12:01,359, ERROR, 1404, benteng_2, weibo, period, [pull_task.py 82 IntegrityError(1062. "Duplicate entry '3c4bba93033df0751be79155ae_71442' for key 'PRIMARY'")]
2020-10-28 19:12:01,368, ERROR, 1404, benteng_2, weibo, period, [pull_task.py 82 IntegrityError(1062. "Duplicate entry '3c4bba93033df0751be79155ae_71449' for key 'PRIMARY'")]
2020-10-28 19:12:01,377, ERROR, 1404, benteng_2, weibo, period, [pull_task.py 82 IntegrityError(1062. "Duplicate entry '3c4bba93033df0751be79155ae_71455' for key 'PRIMARY'")]
2020-10-28 19:12:01,385, ERROR, 1404, benteng_2, weibo, period, [pull_task.py 82 IntegrityError(1062. "Duplicate entry '3c4bba93033df0751be79155ae_71469' for key 'PRIMARY'")]
2020-10-28 19:12:01,396, ERROR, 1404, benteng_2, weibo, period, [pull_task.py 82 IntegrityError(1062. "Duplicate entry '3c4bba93033df0751be79155ae_71506' for key 'PRIMARY'")]
2020-10-28 19:12:01,404, ERROR, 1404, benteng_2, weibo, period, [pull_task.py 82 IntegrityError(1062. "Duplicate entry '3c4bba93033df0751be79155ae_71507' for key 'PRIMARY'")]
2020-10-28 19:12:01,412, ERROR, 1404, benteng_2, weibo, period, [pull_task.py 82 IntegrityError(1062. "Duplicate entry '3c4bba93033df0751be79155ae_71523' for key 'PRIMARY'")]
2020-10-28 19:12:01,422, ERROR, 1404, benteng_2, weibo, period, [pull_task.py 82 IntegrityError(1062. "Duplicate entry '3c4bba93033df0751be79155ae_71526' for key 'PRIMARY'")]
2020-10-28 19:12:01,430, ERROR, 1404, benteng_2, weibo, period, [pull_task.py 82 IntegrityError(1062. "Duplicate entry '3c4bba93033df0751be79155ae_71527' for key 'PRIMARY'")]
2020-10-28 19:12:01,439, ERROR, 1404, benteng_2, weibo, period, [pull_task.py 82 IntegrityError(1062. "Duplicate entry '3c4bba93033df0751be79155ae_71537' for key 'PRIMARY'")]
2020-10-28 19:12:01,448, ERROR, 1404, benteng_2, weibo, period, [pull_task.py 82 IntegrityError(1062. "Duplicate entry '3c4bba93033df0751be79155ae_71538' for key 'PRIMARY'")]
2020-10-28 19:12:01,459, ERROR, 1404, benteng_2, weibo, period, [pull_task.py 82 IntegrityError(1062. "Duplicate entry '3c4bba93033df0751be79155ae_71549' for key 'PRIMARY'")]
2020-10-28 19:12:01,468, ERROR, 1404, benteng_2, weibo, period, [pull_task.py 82 IntegrityError(1062. "Duplicate entry '3c4bba93033df0751be79155ae_71574' for key 'PRIMARY'")]
2020-10-28 19:12:01,478, ERROR, 1404, benteng_2, weibo, period, [pull_task.py 82 IntegrityError(1062. "Duplicate entry '3c4bba93033df0751be79155a_111402' for key 'PRIMARY'")]
2020-10-28 19:12:01,487, ERROR, 1404, benteng_2, weibo, period, [pull_task.py 82 IntegrityError(1062. "Duplicate entry '3c4bba93033df0751be79155a_111492' for key 'PRIMARY'")]
2020-10-28 19:12:01,496, ERROR, 1404, benteng_2, weibo, period, [pull_task.py 82 IntegrityError(1062. "Duplicate entry '3c4bba93033df0751be79155a_111822' for key 'PRIMARY'")]
2020-10-28 19:12:01,505, ERROR, 1404, benteng_2, weibo, period, [pull_task.py 82 IntegrityError(1062. "Duplicate entry '3c4bba93033df0751be79155a_112086' for key 'PRIMARY'")]
2020-10-28 19:12:01,515, ERROR, 1404, benteng_2, weibo, period, [pull_task.py 82 IntegrityError(1062. "Duplicate entry '3c4bba93033df0751be79155a_112107' for key 'PRIMARY'")]
2020-10-28 19:12:01,523, ERROR, 1404, benteng_2, weibo, period, [pull_task.py 82 IntegrityError(1062. "Duplicate entry '3c4bba93033df0751be79155a_112352' for key 'PRIMARY'")]
2020-10-28 19:12:01,533, ERROR, 1404, benteng_2, weibo, period, [pull_task.py 82 IntegrityError(1062. "Duplicate entry '3c4bba93033df0751be79155a_112353' for key 'PRIMARY'")]
2020-10-28 19:12:01,542, ERROR, 1404, benteng_2, weibo, period, [pull_task.py 82 IntegrityError(1062. "Duplicate entry '3c4bba93033df0751be79155a_112621' for key 'PRIMARY'")]
2020-10-28 19:12:01,550, ERROR, 1404, benteng_2, weibo, period, [pull_task.py 82 IntegrityError(1062. "Duplicate entry '3c4bba93033df0751be79155a_112686' for key 'PRIMARY'")]
2020-10-28 19:12:01,560, ERROR, 1404, benteng_2, weibo, period, [pull_task.py 82 IntegrityError(1062. "Duplicate entry '3c4bba93033df0751be79155a_112874' for key 'PRIMARY'")]
2020-10-28 19:12:01,569, ERROR, 1404, benteng_2, weibo, period, [pull_task.py 82 IntegrityError(1062. "Duplicate entry '3c4bba93033df0751be79155a_112918' for key 'PRIMARY'")]
2020-10-28 19:12:01,579, ERROR, 1404, benteng_2, weibo, period, [pull_task.py 82 IntegrityError(1062. "Duplicate entry '3c4bba93033df0751be79155a_114688' for key 'PRIMARY'")]
2020-10-28 19:12:01,588, ERROR, 1404, benteng_2, weibo, period, [pull_task.py 82 IntegrityError(1062. "Duplicate entry '3c4bba93033df0751be79155a_115132' for key 'PRIMARY'")]
2020-10-28 19:12:01,596, ERROR, 1404, benteng_2, weibo, period, [pull_task.py 82 IntegrityError(1062. "Duplicate entry '3c4bba93033df0751be79155a_115192' for key 'PRIMARY'")]
2020-10-28 19:12:01,604, ERROR, 1404, benteng_2, weibo, period, [pull_task.py 82 IntegrityError(1062. "Duplicate entry '3c4bba93033df0751be79155a_115272' for key 'PRIMARY'")]
2020-10-28 19:12:01,626, ERROR, 1404, benteng_2, weibo, period, [pull_task.py 82 IntegrityError(1062. "Duplicate entry '3c4bba93033df0751be79155a_115273' for key 'PRIMARY'")]
2020-10-28 19:12:01,634, ERROR, 1404, benteng_2, weibo, period, [pull_task.py 82 IntegrityError(1062. "Duplicate entry '3c4bba93033df0751be79155a_115313' for key 'PRIMARY'")]
2020-10-28 19:12:01,643, ERROR, 1404, benteng_2, weibo, period, [pull_task.py 82 IntegrityError(1062. "Duplicate entry '3c4bba93033df0751be79155a_115328' for key 'PRIMARY'")]
2020-10-28 19:12:01,652, ERROR, 1404, benteng_2, weibo, period, [pull_task.py 82 IntegrityError(1062. "Duplicate entry '3c4bba93033df0751be79155a_115459' for key 'PRIMARY'")]
2020-10-28 19:12:01,661, ERROR, 1404, benteng_2, weibo, period, [pull_task.py 82 IntegrityError(1062. "Duplicate entry '3c4bba93033df0751be79155a_115573' for key 'PRIMARY'")]
2020-10-28 19:12:01,670, ERROR, 1404, benteng_2, weibo, period, [pull_task.py 82 IntegrityError(1062. "Duplicate entry '3c4bba93033df0751be79155a_115584' for key 'PRIMARY'")]
2020-10-28 19:12:01,679, ERROR, 1404, benteng_2, weibo, period, [pull_task.py 82 IntegrityError(1062. "Duplicate entry '3c4bba93033df0751be79155a_115587' for key 'PRIMARY'")]
2020-10-28 19:12:01,688, ERROR, 1404, benteng_2, weibo, period, [pull_task.py 82 IntegrityError(1062. "Duplicate entry '3c4bba93033df0751be79155a_115620' for key 'PRIMARY'")]
2020-10-28 19:12:01,696, ERROR, 1404, benteng_2, weibo, period, [pull_task.py 82 IntegrityError(1062. "Duplicate entry '3c4bba93033df0751be79155a_115965' for key 'PRIMARY'")]
2020-10-28 19:12:01,704, ERROR, 1404, benteng_2, weibo, period, [pull_task.py 82 IntegrityError(1062. "Duplicate entry '3c4bba93033df0751be79155a_115984' for key 'PRIMARY'")]
2020-10-28 19:12:01,713, ERROR, 1404, benteng_2, weibo, period, [pull_task.py 82 IntegrityError(1062. "Duplicate entry '3c4bba93033df0751be79155a_116305' for key 'PRIMARY'")]
2020-10-28 19:12:01,723, ERROR, 1404, benteng_2, weibo, period, [pull_task.py 82 IntegrityError(1062. "Duplicate entry '3c4bba93033df0751be79155a_116310' for key 'PRIMARY'")]
2020-10-28 19:12:01,732, ERROR, 1404, benteng_2, weibo, period, [pull_task.py 82 IntegrityError(1062. "Duplicate entry '3c4bba93033df0751be79155a_116314' for key 'PRIMARY'")]
2020-10-28 19:12:01,740, ERROR, 1404, benteng_2, weibo, period, [pull_task.py 82 IntegrityError(1062. "Duplicate entry '3c4bba93033df0751be79155a_116316' for key 'PRIMARY'")]
2020-10-28 19:12:01,750, ERROR, 1404, benteng_2, weibo, period, [pull_task.py 82 IntegrityError(1062. "Duplicate entry '3c4bba93033df0751be79155a_116321' for key 'PRIMARY'")]
2020-10-28 19:12:01,758, ERROR, 1404, benteng_2, weibo, period, [pull_task.py 82 IntegrityError(1062. "Duplicate entry '3c4bba93033df0751be79155a_116324' for key 'PRIMARY'")]
2020-10-28 19:12:01,767, ERROR, 1404, benteng_2, weibo, period, [pull_task.py 82 IntegrityError(1062. "Duplicate entry '3c4bba93033df0751be79155a_116340' for key 'PRIMARY'")]
2020-10-28 19:12:01,776, ERROR, 1404, benteng_2, weibo, period, [pull_task.py 82 IntegrityError(1062. "Duplicate entry '3c4bba93033df0751be79155a_116363' for key 'PRIMARY'")]
2020-10-28 19:12:01,785, ERROR, 1404, benteng_2, weibo, period, [pull_task.py 82 IntegrityError(1062. "Duplicate entry '3c4bba93033df0751be79155a_116384' for key 'PRIMARY'")]
2020-10-28 19:12:01,794, ERROR, 1404, benteng_2, weibo, period, [pull_task.py 82 IntegrityError(1062. "Duplicate entry '3c4bba93033df0751be79155a_116386' for key 'PRIMARY'")]
2020-10-28 19:12:01,804, ERROR, 1404, benteng_2, weibo, period, [pull_task.py 82 IntegrityError(1062. "Duplicate entry '3c4bba93033df0751be79155a_116391' for key 'PRIMARY'")]
2020-10-28 19:12:01,813, ERROR, 1404, benteng_2, weibo, period, [pull_task.py 82 IntegrityError(1062. "Duplicate entry '3c4bba93033df0751be79155a_116407' for key 'PRIMARY'")]
2020-10-28 19:12:01,822, ERROR, 1404, benteng_2, weibo, period, [pull_task.py 82 IntegrityError(1062. "Duplicate entry '3c4bba93033df0751be79155a_116419' for key 'PRIMARY'")]
2020-10-28 19:12:01,832, ERROR, 1404, benteng_2, weibo, period, [pull_task.py 82 IntegrityError(1062. "Duplicate entry '3c4bba93033df0751be79155a_116431' for key 'PRIMARY'")]
2020-10-28 19:12:01,840, ERROR, 1404, benteng_2, weibo, period, [pull_task.py 82 IntegrityError(1062. "Duplicate entry '3c4bba93033df0751be79155a_116450' for key 'PRIMARY'")]
2020-10-28 19:12:01,848, ERROR, 1404, benteng_2, weibo, period, [pull_task.py 82 IntegrityError(1062. "Duplicate entry '3c4bba93033df0751be79155a_116473' for key 'PRIMARY'")]
2020-10-28 19:12:01,858, ERROR, 1404, benteng_2, weibo, period, [pull_task.py 82 IntegrityError(1062. "Duplicate entry '3c4bba93033df0751be79155a_116529' for key 'PRIMARY'")]
2020-10-28 19:12:01,869, ERROR, 1404, benteng_2, weibo, period, [pull_task.py 82 IntegrityError(1062. "Duplicate entry '3c4bba93033df0751be79155a_116578' for key 'PRIMARY'")]
2020-10-28 19:12:01,878, ERROR, 1404, benteng_2, weibo, period, [pull_task.py 82 IntegrityError(1062. "Duplicate entry '3c4bba93033df0751be79155a_116584' for key 'PRIMARY'")]
2020-10-28 19:12:01,887, ERROR, 1404, benteng_2, weibo, period, [pull_task.py 82 IntegrityError(1062. "Duplicate entry '3c4bba93033df0751be79155a_116636' for key 'PRIMARY'")]
2020-10-28 19:12:01,896, ERROR, 1404, benteng_2, weibo, period, [pull_task.py 82 IntegrityError(1062. "Duplicate entry '3c4bba93033df0751be79155a_116638' for key 'PRIMARY'")]
2020-10-28 19:12:01,906, ERROR, 1404, benteng_2, weibo, period, [pull_task.py 82 IntegrityError(1062. "Duplicate entry '3c4bba93033df0751be79155a_116975' for key 'PRIMARY'")]
2020-10-28 19:12:01,914, ERROR, 1404, benteng_2, weibo, period, [pull_task.py 82 IntegrityError(1062. "Duplicate entry '3c4bba93033df0751be79155a_116999' for key 'PRIMARY'")]
2020-10-28 19:12:01,923, ERROR, 1404, benteng_2, weibo, period, [pull_task.py 82 IntegrityError(1062. "Duplicate entry '3c4bba93033df0751be79155a_117200' for key 'PRIMARY'")]
2020-10-28 19:12:01,931, ERROR, 1404, benteng_2, weibo, period, [pull_task.py 82 IntegrityError(1062. "Duplicate entry '3c4bba93033df0751be79155a_117221' for key 'PRIMARY'")]
2020-10-28 19:12:01,940, ERROR, 1404, benteng_2, weibo, period, [pull_task.py 82 IntegrityError(1062. "Duplicate entry '3c4bba93033df0751be79155a_117457' for key 'PRIMARY'")]
2020-10-28 19:12:01,948, ERROR, 1404, benteng_2, weibo, period, [pull_task.py 82 IntegrityError(1062. "Duplicate entry '3c4bba93033df0751be79155a_117488' for key 'PRIMARY'")]
2020-10-28 19:12:01,957, ERROR, 1404, benteng_2, weibo, period, [pull_task.py 82 IntegrityError(1062. "Duplicate entry '3c4bba93033df0751be79155a_117536' for key 'PRIMARY'")]
2020-10-28 19:12:01,968, ERROR, 1404, benteng_2, weibo, period, [pull_task.py 82 IntegrityError(1062. "Duplicate entry '3c4bba93033df0751be79155a_117548' for key 'PRIMARY'")]
2020-10-28 19:12:01,976, ERROR, 1404, benteng_2, weibo, period, [pull_task.py 82 IntegrityError(1062. "Duplicate entry '3c4bba93033df0751be79155a_117626' for key 'PRIMARY'")]
2020-10-28 19:12:01,984, ERROR, 1404, benteng_2, weibo, period, [pull_task.py 82 IntegrityError(1062. "Duplicate entry '3c4bba93033df0751be79155a_117681' for key 'PRIMARY'")]
2020-10-28 19:12:01,992, ERROR, 1404, benteng_2, weibo, period, [pull_task.py 82 IntegrityError(1062. "Duplicate entry '3c4bba93033df0751be79155a_117710' for key 'PRIMARY'")]
2020-10-28 19:12:02,001, ERROR, 1404, benteng_2, weibo, period, [pull_task.py 82 IntegrityError(1062. "Duplicate entry '3c4bba93033df0751be79155a_117732' for key 'PRIMARY'")]
2020-10-28 19:12:02,010, ERROR, 1404, benteng_2, weibo, period, [pull_task.py 82 IntegrityError(1062. "Duplicate entry '3c4bba93033df0751be79155a_118038' for key 'PRIMARY'")]
2020-10-28 19:12:02,019, ERROR, 1404, benteng_2, weibo, period, [pull_task.py 82 IntegrityError(1062. "Duplicate entry '3c4bba93033df0751be79155a_118091' for key 'PRIMARY'")]
2020-10-28 19:12:02,027, ERROR, 1404, benteng_2, weibo, period, [pull_task.py 82 IntegrityError(1062. "Duplicate entry '3c4bba93033df0751be79155a_118183' for key 'PRIMARY'")]
2020-10-28 19:12:02,036, ERROR, 1404, benteng_2, weibo, period, [pull_task.py 82 IntegrityError(1062. "Duplicate entry '3c4bba93033df0751be79155a_118217' for key 'PRIMARY'")]
2020-10-28 19:12:02,046, ERROR, 1404, benteng_2, weibo, period, [pull_task.py 82 IntegrityError(1062. "Duplicate entry '3c4bba93033df0751be79155a_118220' for key 'PRIMARY'")]
2020-10-28 19:12:02,054, ERROR, 1404, benteng_2, weibo, period, [pull_task.py 82 IntegrityError(1062. "Duplicate entry '3c4bba93033df0751be79155a_118315' for key 'PRIMARY'")]
2020-10-28 19:12:02,063, ERROR, 1404, benteng_2, weibo, period, [pull_task.py 82 IntegrityError(1062. "Duplicate entry '3c4bba93033df0751be79155a_118349' for key 'PRIMARY'")]
2020-10-28 19:12:02,071, ERROR, 1404, benteng_2, weibo, period, [pull_task.py 82 IntegrityError(1062. "Duplicate entry '3c4bba93033df0751be79155a_118573' for key 'PRIMARY'")]
2020-10-28 19:12:02,082, ERROR, 1404, benteng_2, weibo, period, [pull_task.py 82 IntegrityError(1062. "Duplicate entry '3c4bba93033df0751be79155a_118582' for key 'PRIMARY'")]
2020-10-28 19:12:02,090, ERROR, 1404, benteng_2, weibo, period, [pull_task.py 82 IntegrityError(1062. "Duplicate entry '3c4bba93033df0751be79155a_118723' for key 'PRIMARY'")]
2020-10-28 19:12:02,099, ERROR, 1404, benteng_2, weibo, period, [pull_task.py 82 IntegrityError(1062. "Duplicate entry '3c4bba93033df0751be79155a_118812' for key 'PRIMARY'")]
2020-10-28 19:12:02,107, ERROR, 1404, benteng_2, weibo, period, [pull_task.py 82 IntegrityError(1062. "Duplicate entry '3c4bba93033df0751be79155a_118855' for key 'PRIMARY'")]
2020-10-28 19:12:02,116, ERROR, 1404, benteng_2, weibo, period, [pull_task.py 82 IntegrityError(1062. "Duplicate entry '3c4bba93033df0751be79155a_118916' for key 'PRIMARY'")]
2020-10-28 19:12:02,124, ERROR, 1404, benteng_2, weibo, period, [pull_task.py 82 IntegrityError(1062. "Duplicate entry '3c4bba93033df0751be79155a_119048' for key 'PRIMARY'")]
2020-10-28 19:12:02,133, ERROR, 1404, benteng_2, weibo, period, [pull_task.py 82 IntegrityError(1062. "Duplicate entry '3c4bba93033df0751be79155a_119438' for key 'PRIMARY'")]
2020-10-28 19:12:02,141, ERROR, 1404, benteng_2, weibo, period, [pull_task.py 82 IntegrityError(1062. "Duplicate entry '3c4bba93033df0751be79155a_119444' for key 'PRIMARY'")]
2020-10-28 19:12:02,150, ERROR, 1404, benteng_2, weibo, period, [pull_task.py 82 IntegrityError(1062. "Duplicate entry '3c4bba93033df0751be79155a_119463' for key 'PRIMARY'")]
2020-10-28 19:12:02,158, ERROR, 1404, benteng_2, weibo, period, [pull_task.py 82 IntegrityError(1062. "Duplicate entry '3c4bba93033df0751be79155a_119935' for key 'PRIMARY'")]
2020-10-28 19:12:02,167, ERROR, 1404, benteng_2, weibo, period, [pull_task.py 82 IntegrityError(1062. "Duplicate entry '30bca197fbb21bd71d4c3fe7b_127815' for key 'PRIMARY'")]
2020-10-28 19:12:02,176, ERROR, 1404, benteng_2, weibo, period, [pull_task.py 82 IntegrityError(1062. "Duplicate entry '30bca197fbb21bd71d4c3fe7b_127991' for key 'PRIMARY'")]
2020-10-28 19:12:02,184, ERROR, 1404, benteng_2, weibo, period, [pull_task.py 82 IntegrityError(1062. "Duplicate entry '30bca197fbb21bd71d4c3fe7b_128209' for key 'PRIMARY'")]
2020-10-28 19:12:02,192, ERROR, 1404, benteng_2, weibo, period, [pull_task.py 82 IntegrityError(1062. "Duplicate entry '30bca197fbb21bd71d4c3fe7b_128217' for key 'PRIMARY'")]
2020-10-28 19:12:02,202, ERROR, 1404, benteng_2, weibo, period, [pull_task.py 82 IntegrityError(1062. "Duplicate entry '30bca197fbb21bd71d4c3fe7b_128313' for key 'PRIMARY'")]
2020-10-28 19:12:02,211, ERROR, 1404, benteng_2, weibo, period, [pull_task.py 82 IntegrityError(1062. "Duplicate entry '30bca197fbb21bd71d4c3fe7b_128588' for key 'PRIMARY'")]
2020-10-28 19:12:02,219, ERROR, 1404, benteng_2, weibo, period, [pull_task.py 82 IntegrityError(1062. "Duplicate entry '30bca197fbb21bd71d4c3fe7b_128692' for key 'PRIMARY'")]
2020-10-28 19:12:02,228, ERROR, 1404, benteng_2, weibo, period, [pull_task.py 82 IntegrityError(1062. "Duplicate entry '30bca197fbb21bd71d4c3fe7b_128693' for key 'PRIMARY'")]
2020-10-28 19:12:02,237, ERROR, 1404, benteng_2, weibo, period, [pull_task.py 82 IntegrityError(1062. "Duplicate entry '30bca197fbb21bd71d4c3fe7b_128783' for key 'PRIMARY'")]
2020-10-28 19:12:02,245, ERROR, 1404, benteng_2, weibo, period, [pull_task.py 82 IntegrityError(1062. "Duplicate entry '30bca197fbb21bd71d4c3fe7b_128898' for key 'PRIMARY'")]
2020-10-28 19:12:02,254, ERROR, 1404, benteng_2, weibo, period, [pull_task.py 82 IntegrityError(1062. "Duplicate entry '30bca197fbb21bd71d4c3fe7b_128955' for key 'PRIMARY'")]
2020-10-28 19:12:02,263, ERROR, 1404, benteng_2, weibo, period, [pull_task.py 82 IntegrityError(1062. "Duplicate entry '30bca197fbb21bd71d4c3fe7b_128989' for key 'PRIMARY'")]
2020-10-28 19:12:02,272, ERROR, 1404, benteng_2, weibo, period, [pull_task.py 82 IntegrityError(1062. "Duplicate entry '30bca197fbb21bd71d4c3fe7b_129001' for key 'PRIMARY'")]
2020-10-28 19:12:02,280, ERROR, 1404, benteng_2, weibo, period, [pull_task.py 82 IntegrityError(1062. "Duplicate entry '30bca197fbb21bd71d4c3fe7b_129116' for key 'PRIMARY'")]
2020-10-28 19:12:02,289, ERROR, 1404, benteng_2, weibo, period, [pull_task.py 82 IntegrityError(1062. "Duplicate entry '30bca197fbb21bd71d4c3fe7b_129158' for key 'PRIMARY'")]
2020-10-28 19:12:02,298, ERROR, 1404, benteng_2, weibo, period, [pull_task.py 82 IntegrityError(1062. "Duplicate entry '30bca197fbb21bd71d4c3fe7b_129182' for key 'PRIMARY'")]
2020-10-28 19:12:02,306, ERROR, 1404, benteng_2, weibo, period, [pull_task.py 82 IntegrityError(1062. "Duplicate entry '30bca197fbb21bd71d4c3fe7b_129244' for key 'PRIMARY'")]
2020-10-28 19:12:02,315, ERROR, 1404, benteng_2, weibo, period, [pull_task.py 82 IntegrityError(1062. "Duplicate entry '30bca197fbb21bd71d4c3fe7b_129295' for key 'PRIMARY'")]
2020-10-28 19:12:02,323, ERROR, 1404, benteng_2, weibo, period, [pull_task.py 82 IntegrityError(1062. "Duplicate entry '30bca197fbb21bd71d4c3fe7b_129329' for key 'PRIMARY'")]
2020-10-28 19:12:02,332, ERROR, 1404, benteng_2, weibo, period, [pull_task.py 82 IntegrityError(1062. "Duplicate entry '30bca197fbb21bd71d4c3fe7b_129430' for key 'PRIMARY'")]
2020-10-28 19:12:02,341, ERROR, 1404, benteng_2, weibo, period, [pull_task.py 82 IntegrityError(1062. "Duplicate entry '30bca197fbb21bd71d4c3fe7b_129575' for key 'PRIMARY'")]
2020-10-28 19:12:02,349, ERROR, 1404, benteng_2, weibo, period, [pull_task.py 82 IntegrityError(1062. "Duplicate entry '30bca197fbb21bd71d4c3fe7b_129585' for key 'PRIMARY'")]
2020-10-28 19:12:02,359, ERROR, 1404, benteng_2, weibo, period, [pull_task.py 82 IntegrityError(1062. "Duplicate entry '30bca197fbb21bd71d4c3fe7b_129663' for key 'PRIMARY'")]
2020-10-28 19:12:02,367, ERROR, 1404, benteng_2, weibo, period, [pull_task.py 82 IntegrityError(1062. "Duplicate entry '30bca197fbb21bd71d4c3fe7b_130206' for key 'PRIMARY'")]
2020-10-28 19:12:02,376, ERROR, 1404, benteng_2, weibo, period, [pull_task.py 82 IntegrityError(1062. "Duplicate entry '30bca197fbb21bd71d4c3fe7b_130236' for key 'PRIMARY'")]
2020-10-28 19:12:02,385, ERROR, 1404, benteng_2, weibo, period, [pull_task.py 82 IntegrityError(1062. "Duplicate entry '30bca197fbb21bd71d4c3fe7b_130533' for key 'PRIMARY'")]
2020-10-28 19:12:02,394, ERROR, 1404, benteng_2, weibo, period, [pull_task.py 82 IntegrityError(1062. "Duplicate entry '30bca197fbb21bd71d4c3fe7b_130917' for key 'PRIMARY'")]
2020-10-28 19:12:02,402, ERROR, 1404, benteng_2, weibo, period, [pull_task.py 82 IntegrityError(1062. "Duplicate entry '30bca197fbb21bd71d4c3fe7b_130923' for key 'PRIMARY'")]
2020-10-28 19:12:02,411, ERROR, 1404, benteng_2, weibo, period, [pull_task.py 82 IntegrityError(1062. "Duplicate entry '30bca197fbb21bd71d4c3fe7b_130967' for key 'PRIMARY'")]
2020-10-28 19:12:02,419, ERROR, 1404, benteng_2, weibo, period, [pull_task.py 82 IntegrityError(1062. "Duplicate entry '30bca197fbb21bd71d4c3fe7b_131055' for key 'PRIMARY'")]
2020-10-28 19:12:02,428, ERROR, 1404, benteng_2, weibo, period, [pull_task.py 82 IntegrityError(1062. "Duplicate entry '30bca197fbb21bd71d4c3fe7b_131066' for key 'PRIMARY'")]
2020-10-28 19:12:02,436, ERROR, 1404, benteng_2, weibo, period, [pull_task.py 82 IntegrityError(1062. "Duplicate entry '30bca197fbb21bd71d4c3fe7b_131213' for key 'PRIMARY'")]
2020-10-28 19:12:02,445, ERROR, 1404, benteng_2, weibo, period, [pull_task.py 82 IntegrityError(1062. "Duplicate entry '30bca197fbb21bd71d4c3fe7b_131230' for key 'PRIMARY'")]
2020-10-28 19:12:02,454, ERROR, 1404, benteng_2, weibo, period, [pull_task.py 82 IntegrityError(1062. "Duplicate entry '30bca197fbb21bd71d4c3fe7b_131240' for key 'PRIMARY'")]
2020-10-28 19:12:02,466, ERROR, 1404, benteng_2, weibo, period, [pull_task.py 82 IntegrityError(1062. "Duplicate entry '30bca197fbb21bd71d4c3fe7b_131315' for key 'PRIMARY'")]
2020-10-28 19:12:02,475, ERROR, 1404, benteng_2, weibo, period, [pull_task.py 82 IntegrityError(1062. "Duplicate entry '30bca197fbb21bd71d4c3fe7b_131317' for key 'PRIMARY'")]
2020-10-28 19:12:02,483, ERROR, 1404, benteng_2, weibo, period, [pull_task.py 82 IntegrityError(1062. "Duplicate entry '30bca197fbb21bd71d4c3fe7b_131318' for key 'PRIMARY'")]
2020-10-28 19:12:02,492, ERROR, 1404, benteng_2, weibo, period, [pull_task.py 82 IntegrityError(1062. "Duplicate entry '30bca197fbb21bd71d4c3fe7b_133209' for key 'PRIMARY'")]
2020-10-28 19:12:02,501, ERROR, 1404, benteng_2, weibo, period, [pull_task.py 82 IntegrityError(1062. "Duplicate entry '30bca197fbb21bd71d4c3fe7b_133210' for key 'PRIMARY'")]
2020-10-28 19:12:02,510, ERROR, 1404, benteng_2, weibo, period, [pull_task.py 82 IntegrityError(1062. "Duplicate entry '30bca197fbb21bd71d4c3fe7b_134645' for key 'PRIMARY'")]
2020-10-28 19:12:02,520, ERROR, 1404, benteng_2, weibo, period, [pull_task.py 82 IntegrityError(1062. "Duplicate entry '30bca197fbb21bd71d4c3fe7b_134927' for key 'PRIMARY'")]
2020-10-28 19:12:02,528, ERROR, 1404, benteng_2, weibo, period, [pull_task.py 82 IntegrityError(1062. "Duplicate entry '30bca197fbb21bd71d4c3fe7b_135395' for key 'PRIMARY'")]
2020-10-28 19:12:02,538, ERROR, 1404, benteng_2, weibo, period, [pull_task.py 82 IntegrityError(1062. "Duplicate entry '30bca197fbb21bd71d4c3fe7b_136524' for key 'PRIMARY'")]
2020-10-28 19:12:02,552, ERROR, 1404, benteng_2, weibo, period, [pull_task.py 82 IntegrityError(1062. "Duplicate entry '30bca197fbb21bd71d4c3fe7b_136619' for key 'PRIMARY'")]
2020-10-28 19:12:02,566, ERROR, 1404, benteng_2, weibo, period, [pull_task.py 82 IntegrityError(1062. "Duplicate entry '30bca197fbb21bd71d4c3fe7b_137306' for key 'PRIMARY'")]
2020-10-28 19:12:02,576, ERROR, 1404, benteng_2, weibo, period, [pull_task.py 82 IntegrityError(1062. "Duplicate entry '30bca197fbb21bd71d4c3fe7b_137618' for key 'PRIMARY'")]
2020-10-28 19:12:02,584, ERROR, 1404, benteng_2, weibo, period, [pull_task.py 82 IntegrityError(1062. "Duplicate entry '30bca197fbb21bd71d4c3fe7b_137735' for key 'PRIMARY'")]
2020-10-28 19:12:02,594, ERROR, 1404, benteng_2, weibo, period, [pull_task.py 82 IntegrityError(1062. "Duplicate entry '30bca197fbb21bd71d4c3fe7b_138041' for key 'PRIMARY'")]
2020-10-28 19:12:02,603, ERROR, 1404, benteng_2, weibo, period, [pull_task.py 82 IntegrityError(1062. "Duplicate entry '30bca197fbb21bd71d4c3fe7b_146852' for key 'PRIMARY'")]
2020-10-28 19:12:02,612, ERROR, 1404, benteng_2, weibo, period, [pull_task.py 82 IntegrityError(1062. "Duplicate entry '30bca197fbb21bd71d4c3fe7b_147122' for key 'PRIMARY'")]
2020-10-28 19:12:02,621, ERROR, 1404, benteng_2, weibo, period, [pull_task.py 82 IntegrityError(1062. "Duplicate entry '30bca197fbb21bd71d4c3fe7b_147156' for key 'PRIMARY'")]
2020-10-28 19:12:02,630, ERROR, 1404, benteng_2, weibo, period, [pull_task.py 82 IntegrityError(1062. "Duplicate entry '30bca197fbb21bd71d4c3fe7b_147168' for key 'PRIMARY'")]
2020-10-28 19:12:02,638, ERROR, 1404, benteng_2, weibo, period, [pull_task.py 82 IntegrityError(1062. "Duplicate entry '30bca197fbb21bd71d4c3fe7b_147311' for key 'PRIMARY'")]
2020-10-28 19:12:02,647, ERROR, 1404, benteng_2, weibo, period, [pull_task.py 82 IntegrityError(1062. "Duplicate entry '30bca197fbb21bd71d4c3fe7b_147325' for key 'PRIMARY'")]
2020-10-28 19:12:02,656, ERROR, 1404, benteng_2, weibo, period, [pull_task.py 82 IntegrityError(1062. "Duplicate entry '30bca197fbb21bd71d4c3fe7b_147534' for key 'PRIMARY'")]
2020-10-28 19:12:02,665, ERROR, 1404, benteng_2, weibo, period, [pull_task.py 82 IntegrityError(1062. "Duplicate entry '30bca197fbb21bd71d4c3fe7b_147548' for key 'PRIMARY'")]
2020-10-28 19:12:02,673, ERROR, 1404, benteng_2, weibo, period, [pull_task.py 82 IntegrityError(1062. "Duplicate entry '30bca197fbb21bd71d4c3fe7b_147566' for key 'PRIMARY'")]
2020-10-28 19:12:02,682, ERROR, 1404, benteng_2, weibo, period, [pull_task.py 82 IntegrityError(1062. "Duplicate entry '30bca197fbb21bd71d4c3fe7b_147803' for key 'PRIMARY'")]
2020-10-28 19:12:02,690, ERROR, 1404, benteng_2, weibo, period, [pull_task.py 82 IntegrityError(1062. "Duplicate entry '30bca197fbb21bd71d4c3fe7b_147851' for key 'PRIMARY'")]
2020-10-28 19:12:02,906, ERROR, 1404, benteng_2, weibo, period, [pull_task.py 82 IntegrityError(1062. "Duplicate entry '30bca197fbb21bd71d4c3fe7b_147856' for key 'PRIMARY'")]
2020-10-28 19:12:02,914, ERROR, 1404, benteng_2, weibo, period, [pull_task.py 82 IntegrityError(1062. "Duplicate entry '30bca197fbb21bd71d4c3fe7b_147997' for key 'PRIMARY'")]
2020-10-28 19:12:02,923, ERROR, 1404, benteng_2, weibo, period, [pull_task.py 82 IntegrityError(1062. "Duplicate entry '30bca197fbb21bd71d4c3fe7b_148422' for key 'PRIMARY'")]
2020-10-28 19:12:02,923, INFO, 1404, benteng_2, weibo, period, finish insert :0 data 
